Process 2 running at 4Hz
[1678248893585015043] | 0,0,1 | 1 | INTERNAL
[1678248893835557885] | 0,0,2 | 0 | RECEIVE
[1678248894085844896] | 0,0,3 | 0 | INTERNAL
[1678248894336489358] | 2,0,4 | 0 | RECEIVE
[1678248894586718540] | 2,0,5 | 0 | INTERNAL
[1678248894837012536] | 2,0,6 | 0 | INTERNAL
[1678248895087288653] | 2,0,7 | 0 | INTERNAL
[1678248895337809145] | 5,0,8 | 0 | RECEIVE
[1678248895588102791] | 5,0,9 | 0 | DOUBLE SEND
[1678248895838362215] | 5,0,10 | 0 | INTERNAL
[1678248896088912669] | 5,0,11 | 0 | INTERNAL
[1678248896339540368] | 5,0,12 | 0 | INTERNAL
[1678248896589783589] | 5,0,13 | 0 | INTERNAL
[1678248896840345986] | 5,0,14 | 0 | INTERNAL
[1678248897091275121] | 5,0,15 | 0 | INTERNAL
[1678248897341821384] | 5,0,16 | 0 | INTERNAL
[1678248897592075639] | 5,0,17 | 0 | INTERNAL
[1678248897842626931] | 5,0,18 | 0 | INTERNAL
[1678248898093188350] | 5,0,19 | 0 | INTERNAL
[1678248898343588644] | 5,0,20 | 0 | INTERNAL
[1678248898593870417] | 15,0,21 | 0 | RECEIVE
[1678248898844140317] | 15,0,22 | 0 | INTERNAL
[1678248899094384934] | 16,0,23 | 0 | RECEIVE
[1678248899344663005] | 16,0,24 | 0 | INTERNAL
[1678248899594976905] | 16,0,25 | 0 | SEND
[1678248899845381738] | 16,0,26 | 0 | INTERNAL
[1678248900095963480] | 19,0,27 | 0 | RECEIVE
[1678248900346267253] | 19,0,28 | 0 | INTERNAL
[1678248900596522835] | 21,0,29 | 0 | RECEIVE
[1678248900846900011] | 21,0,30 | 0 | DOUBLE SEND
[1678248901097532807] | 21,0,31 | 0 | DOUBLE SEND
[1678248901347850269] | 21,0,32 | 0 | INTERNAL
[1678248901598092650] | 21,0,33 | 0 | SEND
[1678248901848320295] | 21,0,34 | 0 | INTERNAL
[1678248902098610658] | 21,0,35 | 0 | INTERNAL
[1678248902348948583] | 21,0,36 | 0 | SEND
[1678248902599153948] | 21,0,37 | 0 | INTERNAL
[1678248902849619473] | 21,0,38 | 0 | INTERNAL
[1678248903099907880] | 28,0,39 | 0 | RECEIVE
[1678248903350708645] | 29,0,40 | 0 | RECEIVE
[1678248903600970373] | 29,0,41 | 0 | INTERNAL
[1678248903851559448] | 29,0,42 | 0 | INTERNAL
[1678248904101826413] | 29,0,43 | 0 | INTERNAL
[1678248904352396002] | 29,0,44 | 0 | SEND
[1678248904602666878] | 29,0,45 | 0 | INTERNAL
[1678248904853223128] | 29,0,46 | 0 | INTERNAL
[1678248905103528087] | 29,0,47 | 0 | INTERNAL
[1678248905353837515] | 29,0,48 | 0 | DOUBLE SEND
[1678248905604093725] | 29,0,49 | 0 | SEND
[1678248905854384017] | 29,0,50 | 0 | INTERNAL
[1678248906105020444] | 29,0,51 | 0 | DOUBLE SEND
[1678248906355351803] | 29,0,52 | 0 | DOUBLE SEND
[1678248906605891849] | 29,0,53 | 0 | DOUBLE SEND
[1678248906856166007] | 29,0,54 | 0 | INTERNAL
[1678248907106692364] | 29,0,55 | 0 | INTERNAL
[1678248907357039576] | 29,0,56 | 0 | INTERNAL
[1678248907607557831] | 29,0,57 | 0 | INTERNAL
[1678248907858079508] | 29,0,58 | 0 | INTERNAL
[1678248908108425184] | 29,0,59 | 0 | INTERNAL
[1678248908359468648] | 29,0,60 | 0 | INTERNAL
[1678248908610084332] | 29,0,61 | 0 | INTERNAL
[1678248908860413385] | 29,0,62 | 0 | INTERNAL
[1678248909110773449] | 29,0,63 | 0 | INTERNAL
[1678248909360956533] | 29,0,64 | 0 | INTERNAL
[1678248909611298438] | 29,0,65 | 0 | INTERNAL
[1678248909861853848] | 29,0,66 | 0 | INTERNAL
[1678248910112140368] | 49,0,67 | 0 | RECEIVE
[1678248910362718756] | 49,0,68 | 0 | INTERNAL
[1678248910613038660] | 49,0,69 | 0 | INTERNAL
[1678248910863652038] | 49,0,70 | 0 | INTERNAL
[1678248911114005047] | 52,0,71 | 0 | RECEIVE
[1678248911364573098] | 52,0,72 | 0 | INTERNAL
[1678248911615216718] | 52,0,73 | 0 | DOUBLE SEND
[1678248911865749080] | 52,0,74 | 0 | SEND
[1678248912116338363] | 52,0,75 | 0 | INTERNAL
[1678248912366635917] | 52,0,76 | 0 | INTERNAL
[1678248912616993955] | 52,0,77 | 0 | DOUBLE SEND
[1678248912867609917] | 52,0,78 | 0 | DOUBLE SEND
[1678248913118191377] | 52,0,79 | 0 | INTERNAL
[1678248913368551440] | 52,0,80 | 0 | SEND
[1678248913619136741] | 52,0,81 | 0 | DOUBLE SEND
[1678248913869607712] | 52,0,82 | 0 | SEND
[1678248914120134836] | 52,0,83 | 0 | INTERNAL
[1678248914370678931] | 52,0,84 | 0 | DOUBLE SEND
[1678248914621464817] | 52,0,85 | 0 | SEND
[1678248914872594604] | 52,0,86 | 0 | SEND
[1678248915123172782] | 52,0,87 | 0 | INTERNAL
[1678248915373825271] | 52,0,88 | 0 | INTERNAL
[1678248915624396534] | 66,0,89 | 0 | RECEIVE
[1678248915874702748] | 66,0,90 | 0 | INTERNAL
[1678248916125057013] | 66,0,91 | 0 | SEND
[1678248916375340808] | 66,0,92 | 0 | INTERNAL
[1678248916625637384] | 66,0,93 | 0 | INTERNAL
[1678248916876114151] | 66,0,94 | 0 | SEND
[1678248917126814062] | 66,0,95 | 0 | INTERNAL
[1678248917377140879] | 71,0,96 | 0 | RECEIVE
[1678248917627440248] | 72,0,97 | 0 | RECEIVE
[1678248917878041054] | 72,0,98 | 0 | INTERNAL
[1678248918128379674] | 72,0,99 | 0 | INTERNAL
[1678248918378701044] | 72,0,100 | 0 | INTERNAL
[1678248918629294865] | 72,0,101 | 0 | INTERNAL
[1678248918879868781] | 72,0,102 | 0 | INTERNAL
[1678248919130440952] | 76,0,103 | 0 | RECEIVE
[1678248919381076608] | 76,0,104 | 0 | INTERNAL
[1678248919631455876] | 76,0,105 | 0 | INTERNAL
[1678248919881810210] | 76,0,106 | 0 | INTERNAL
[1678248920132162240] | 76,0,107 | 0 | SEND
[1678248920382457767] | 76,0,108 | 0 | INTERNAL
[1678248920632742120] | 76,0,109 | 0 | INTERNAL
[1678248920883308004] | 76,0,110 | 0 | INTERNAL
[1678248921133890371] | 76,0,111 | 0 | INTERNAL
[1678248921384508078] | 76,0,112 | 0 | SEND
[1678248921635018229] | 76,0,113 | 0 | INTERNAL
[1678248921885540671] | 76,0,114 | 0 | INTERNAL
[1678248922136121013] | 85,0,115 | 0 | RECEIVE
[1678248922386350120] | 85,0,116 | 0 | INTERNAL
[1678248922636634612] | 85,0,117 | 0 | INTERNAL
[1678248922887027569] | 85,0,118 | 0 | INTERNAL
[1678248923137337972] | 85,0,119 | 0 | INTERNAL
[1678248923387961894] | 85,0,120 | 0 | SEND
[1678248923638250157] | 85,0,121 | 0 | INTERNAL
[1678248923888799768] | 85,0,122 | 0 | INTERNAL
[1678248924139102559] | 85,0,123 | 0 | INTERNAL
[1678248924389647140] | 85,0,124 | 0 | INTERNAL
[1678248924640257723] | 85,0,125 | 0 | INTERNAL
[1678248924890623091] | 85,0,126 | 0 | INTERNAL
[1678248925141333966] | 85,0,127 | 0 | INTERNAL
[1678248925391834827] | 85,0,128 | 0 | INTERNAL
[1678248925642491155] | 85,0,129 | 0 | INTERNAL
[1678248925892982098] | 85,0,130 | 0 | DOUBLE SEND
[1678248926143547842] | 85,0,131 | 0 | INTERNAL
[1678248926393993318] | 85,0,132 | 0 | INTERNAL
[1678248926644284654] | 99,0,133 | 0 | RECEIVE
[1678248926894800810] | 99,0,134 | 0 | INTERNAL
[1678248927145316198] | 99,0,135 | 0 | INTERNAL
[1678248927395874678] | 99,0,136 | 0 | INTERNAL
[1678248927646446148] | 99,0,137 | 0 | INTERNAL
[1678248927897172388] | 99,0,138 | 0 | INTERNAL
[1678248928147715083] | 99,0,139 | 0 | INTERNAL
[1678248928398224604] | 99,0,140 | 0 | INTERNAL
[1678248928648821217] | 105,0,141 | 0 | RECEIVE
[1678248928899417621] | 105,0,142 | 0 | SEND
[1678248929149740595] | 105,0,143 | 0 | INTERNAL
[1678248929400405583] | 105,0,144 | 0 | SEND
[1678248929650688327] | 105,0,145 | 0 | SEND
[1678248929901291087] | 105,0,146 | 0 | SEND
[1678248930151569711] | 105,0,147 | 0 | INTERNAL
[1678248930401872430] | 105,0,148 | 0 | INTERNAL
[1678248930652165651] | 105,0,149 | 0 | INTERNAL
[1678248930902726784] | 105,0,150 | 0 | INTERNAL
[1678248931153015465] | 105,0,151 | 0 | INTERNAL
[1678248931403788079] | 105,0,152 | 0 | INTERNAL
[1678248931654193535] | 105,0,153 | 0 | SEND
[1678248931904489759] | 105,0,154 | 0 | INTERNAL
[1678248932154795900] | 105,0,155 | 0 | DOUBLE SEND
[1678248932405076689] | 105,0,156 | 0 | INTERNAL
[1678248932655413909] | 105,0,157 | 0 | SEND
[1678248932905907785] | 105,0,158 | 0 | INTERNAL
[1678248933156336638] | 105,0,159 | 0 | INTERNAL
[1678248933406923333] | 119,0,160 | 0 | RECEIVE
[1678248933657325296] | 120,0,161 | 0 | RECEIVE
[1678248933907651552] | 120,0,162 | 0 | SEND
[1678248934157918092] | 120,0,163 | 0 | INTERNAL
[1678248934408196157] | 122,0,164 | 0 | RECEIVE
[1678248934658770699] | 123,0,165 | 0 | RECEIVE
[1678248934909324009] | 123,0,166 | 0 | INTERNAL
[1678248935159850500] | 124,0,167 | 0 | RECEIVE
[1678248935410179968] | 125,0,168 | 0 | RECEIVE
[1678248935660505246] | 125,0,169 | 0 | DOUBLE SEND
[1678248935910811875] | 125,0,170 | 0 | SEND
[1678248936161428043] | 125,0,171 | 0 | DOUBLE SEND
[1678248936411637592] | 125,0,172 | 0 | INTERNAL
[1678248936662176165] | 125,0,173 | 0 | INTERNAL
[1678248936912779622] | 125,0,174 | 0 | DOUBLE SEND
[1678248937163738222] | 125,0,175 | 0 | SEND
[1678248937414060007] | 125,0,176 | 0 | INTERNAL
[1678248937664470281] | 125,0,177 | 0 | DOUBLE SEND
[1678248937915017375] | 125,0,178 | 0 | DOUBLE SEND
[1678248938165428697] | 125,0,179 | 0 | DOUBLE SEND
[1678248938416001143] | 125,0,180 | 0 | SEND
[1678248938666353030] | 125,0,181 | 0 | INTERNAL
[1678248938916931692] | 125,0,182 | 0 | DOUBLE SEND
[1678248939167330651] | 125,0,183 | 0 | INTERNAL
[1678248939417912666] | 125,0,184 | 0 | INTERNAL
[1678248939668491118] | 125,0,185 | 0 | SEND
[1678248939918847265] | 125,0,186 | 0 | SEND
[1678248940169432980] | 125,0,187 | 0 | SEND
[1678248940419988594] | 125,0,188 | 0 | INTERNAL
[1678248940670415560] | 125,0,189 | 0 | INTERNAL
[1678248940920988146] | 125,0,190 | 0 | SEND
[1678248941171558636] | 125,0,191 | 0 | INTERNAL
[1678248941421922534] | 143,0,192 | 0 | RECEIVE
[1678248941672473958] | 143,0,193 | 0 | INTERNAL
[1678248941922815856] | 143,0,194 | 0 | INTERNAL
[1678248942173137850] | 143,0,195 | 0 | INTERNAL
[1678248942423454326] | 143,0,196 | 0 | DOUBLE SEND
[1678248942674007495] | 143,0,197 | 0 | DOUBLE SEND
[1678248942924502626] | 143,0,198 | 0 | INTERNAL
[1678248943174830137] | 143,0,199 | 0 | INTERNAL
[1678248943425156879] | 143,0,200 | 0 | INTERNAL
[1678248943675426421] | 150,0,201 | 0 | RECEIVE
[1678248943925750091] | 150,0,202 | 0 | INTERNAL
[1678248944176322466] | 150,0,203 | 0 | INTERNAL
[1678248944426520351] | 150,0,204 | 0 | INTERNAL
[1678248944676801277] | 150,0,205 | 0 | INTERNAL
[1678248944927282369] | 150,0,206 | 0 | SEND
[1678248945177573842] | 150,0,207 | 0 | INTERNAL
[1678248945427911828] | 150,0,208 | 0 | SEND
[1678248945678484064] | 150,0,209 | 0 | INTERNAL
[1678248945928881276] | 150,0,210 | 0 | DOUBLE SEND
[1678248946179501562] | 150,0,211 | 0 | DOUBLE SEND
[1678248946430060807] | 150,0,212 | 0 | INTERNAL
[1678248946680588763] | 150,0,213 | 0 | INTERNAL
[1678248946931156877] | 150,0,214 | 0 | INTERNAL
[1678248947181634198] | 150,0,215 | 0 | DOUBLE SEND
[1678248947431928952] | 150,0,216 | 0 | INTERNAL
[1678248947682498603] | 150,0,217 | 0 | SEND
[1678248947932944146] | 150,0,218 | 0 | INTERNAL
[1678248948183535657] | 150,0,219 | 0 | INTERNAL
[1678248948433836068] | 150,0,220 | 0 | INTERNAL
[1678248948684225109] | 150,0,221 | 0 | DOUBLE SEND
[1678248948934470205] | 150,0,222 | 0 | INTERNAL
[1678248949185009335] | 150,0,223 | 0 | INTERNAL
[1678248949435290610] | 150,0,224 | 0 | INTERNAL
[1678248949685622100] | 150,0,225 | 0 | SEND
[1678248949935855673] | 150,0,226 | 0 | INTERNAL
[1678248950186217475] | 150,0,227 | 0 | INTERNAL
[1678248950436539886] | 150,0,228 | 0 | INTERNAL
[1678248950687150324] | 150,0,229 | 0 | INTERNAL
[1678248950938234917] | 172,0,230 | 0 | RECEIVE
[1678248951188715170] | 172,0,231 | 0 | INTERNAL
[1678248951438975631] | 172,0,232 | 0 | INTERNAL
[1678248951689780648] | 172,0,233 | 0 | SEND
[1678248951939981534] | 172,0,234 | 0 | INTERNAL
[1678248952190565083] | 172,0,235 | 0 | DOUBLE SEND
[1678248952441066987] | 172,0,236 | 0 | INTERNAL
[1678248952691607652] | 172,0,237 | 0 | INTERNAL
[1678248952941877123] | 178,0,238 | 0 | RECEIVE
[1678248953192383846] | 178,0,239 | 0 | INTERNAL
[1678248953442656599] | 178,0,240 | 0 | INTERNAL
[1678248953692980337] | 178,0,241 | 0 | SEND
[1678248953943315458] | 178,0,242 | 0 | SEND
[1678248954193614053] | 178,0,243 | 0 | INTERNAL
[1678248954444011333] | 178,0,244 | 0 | DOUBLE SEND
[1678248954694286461] | 178,0,245 | 0 | INTERNAL
