Running process at 6Hz
[1678249293506174705] | 0,1,0 | 0 | DOUBLE SEND
[1678249293672428663] | 0,2,0 | 0 | INTERNAL
[1678249293838713422] | 0,3,0 | 0 | INTERNAL
[1678249294005498805] | 0,4,0 | 0 | SEND
[1678249294171755138] | 0,5,0 | 0 | INTERNAL
[1678249294338374019] | 0,6,0 | 0 | DOUBLE SEND
[1678249294504882410] | 0,7,0 | 0 | INTERNAL
[1678249294671387588] | 0,8,0 | 0 | INTERNAL
[1678249294837965891] | 0,9,0 | 0 | INTERNAL
[1678249295004197710] | 4,10,0 | 0 | RECEIVE
[1678249295170545046] | 4,11,0 | 0 | SEND
[1678249295336867868] | 5,12,0 | 0 | RECEIVE
[1678249295503426546] | 5,13,0 | 0 | INTERNAL
[1678249295669999750] | 5,14,0 | 0 | INTERNAL
[1678249295836235968] | 5,15,0 | 0 | INTERNAL
[1678249296002798277] | 7,16,0 | 0 | RECEIVE
[1678249296169144985] | 7,17,0 | 0 | SEND
[1678249296335659802] | 7,18,0 | 0 | INTERNAL
[1678249296501964465] | 7,19,0 | 0 | INTERNAL
[1678249296668508825] | 7,20,0 | 0 | INTERNAL
[1678249296835074696] | 7,21,0 | 0 | INTERNAL
[1678249297002032867] | 7,22,0 | 0 | INTERNAL
[1678249297168306520] | 7,23,0 | 0 | INTERNAL
[1678249297334612929] | 7,24,0 | 0 | DOUBLE SEND
[1678249297500891751] | 7,25,0 | 0 | INTERNAL
[1678249297667202002] | 7,26,0 | 0 | INTERNAL
[1678249297833766406] | 7,27,0 | 0 | INTERNAL
[1678249298000066389] | 10,28,13 | 0 | RECEIVE
[1678249298166609352] | 10,29,13 | 0 | INTERNAL
[1678249298333144562] | 10,30,13 | 0 | INTERNAL
[1678249298499714554] | 10,31,13 | 0 | SEND
[1678249298666327568] | 10,32,13 | 0 | SEND
[1678249298833018734] | 10,33,13 | 0 | INTERNAL
[1678249298999588865] | 16,34,13 | 0 | RECEIVE
[1678249299166071764] | 16,35,13 | 0 | INTERNAL
[1678249299332766283] | 16,36,13 | 0 | INTERNAL
[1678249299499360789] | 16,37,13 | 0 | DOUBLE SEND
[1678249299665952431] | 16,38,13 | 0 | INTERNAL
[1678249299832588143] | 16,39,13 | 0 | SEND
[1678249299998977105] | 16,40,13 | 0 | DOUBLE SEND
[1678249300165382270] | 16,41,13 | 0 | INTERNAL
[1678249300331999404] | 16,42,13 | 0 | DOUBLE SEND
[1678249300498537687] | 16,43,13 | 0 | INTERNAL
[1678249300664820141] | 16,44,13 | 0 | INTERNAL
[1678249300831364780] | 16,45,13 | 0 | INTERNAL
[1678249300997668814] | 16,46,13 | 0 | INTERNAL
[1678249301163932340] | 16,47,13 | 0 | INTERNAL
[1678249301330502681] | 23,48,17 | 0 | RECEIVE
[1678249301497042291] | 23,49,17 | 0 | INTERNAL
[1678249301663361690] | 23,50,17 | 0 | INTERNAL
[1678249301829896202] | 23,51,17 | 0 | INTERNAL
[1678249301996445799] | 23,52,17 | 0 | INTERNAL
[1678249302163009784] | 23,53,17 | 0 | SEND
[1678249302329516848] | 23,54,17 | 0 | INTERNAL
[1678249302496002470] | 23,55,17 | 0 | SEND
[1678249302662362587] | 23,56,17 | 0 | SEND
[1678249302828968547] | 23,57,17 | 0 | INTERNAL
[1678249302995477706] | 23,58,17 | 0 | INTERNAL
[1678249303162692754] | 23,59,17 | 0 | INTERNAL
[1678249303329280136] | 23,60,29 | 0 | RECEIVE
[1678249303495801936] | 23,61,29 | 0 | INTERNAL
[1678249303662383661] | 23,62,29 | 0 | SEND
[1678249303829010643] | 23,63,29 | 0 | SEND
[1678249303995588316] | 23,64,29 | 0 | SEND
[1678249304161822998] | 23,65,29 | 0 | INTERNAL
[1678249304328355693] | 23,66,32 | 0 | RECEIVE
[1678249304494646318] | 23,67,32 | 0 | INTERNAL
[1678249304661257795] | 23,68,32 | 0 | DOUBLE SEND
[1678249304827604432] | 23,69,32 | 0 | DOUBLE SEND
[1678249304993947368] | 23,70,32 | 0 | INTERNAL
[1678249305160198882] | 23,71,32 | 0 | INTERNAL
[1678249305326870841] | 23,72,32 | 0 | INTERNAL
[1678249305493498312] | 23,73,32 | 0 | SEND
[1678249305660049795] | 23,74,32 | 0 | INTERNAL
[1678249305826606167] | 23,75,32 | 0 | INTERNAL
[1678249305993151573] | 23,76,32 | 0 | INTERNAL
[1678249306159400363] | 23,77,32 | 0 | INTERNAL
[1678249306325932220] | 23,78,38 | 0 | RECEIVE
[1678249306492546351] | 23,79,38 | 0 | INTERNAL
[1678249306658872664] | 23,80,38 | 0 | DOUBLE SEND
[1678249306825202121] | 23,81,38 | 0 | INTERNAL
[1678249306991463761] | 23,82,38 | 0 | INTERNAL
[1678249307157686849] | 23,83,38 | 0 | INTERNAL
[1678249307323958546] | 23,84,38 | 0 | INTERNAL
[1678249307490237297] | 23,85,38 | 0 | INTERNAL
[1678249307656849822] | 23,86,38 | 0 | INTERNAL
[1678249307823438460] | 23,87,38 | 0 | SEND
[1678249307990068864] | 23,88,38 | 0 | INTERNAL
[1678249308156327571] | 23,89,38 | 0 | INTERNAL
[1678249308322985003] | 23,90,38 | 0 | INTERNAL
[1678249308489371660] | 23,91,38 | 0 | INTERNAL
[1678249308655710964] | 23,92,38 | 0 | INTERNAL
[1678249308822065773] | 23,93,38 | 0 | SEND
[1678249308988683745] | 23,94,38 | 0 | INTERNAL
[1678249309154934489] | 23,95,38 | 0 | INTERNAL
[1678249309321555674] | 23,96,38 | 0 | DOUBLE SEND
[1678249309487855448] | 23,97,38 | 0 | INTERNAL
[1678249309654276396] | 23,98,38 | 0 | INTERNAL
[1678249309820603687] | 23,99,38 | 0 | INTERNAL
[1678249309986883207] | 23,100,38 | 0 | INTERNAL
[1678249310153175717] | 23,101,38 | 0 | INTERNAL
[1678249310319728177] | 23,102,38 | 0 | INTERNAL
[1678249310486003506] | 23,103,38 | 0 | INTERNAL
[1678249310652616030] | 23,104,38 | 0 | SEND
[1678249310819159411] | 23,105,38 | 0 | INTERNAL
[1678249310985448499] | 44,106,52 | 0 | RECEIVE
[1678249311151795695] | 44,107,52 | 0 | SEND
[1678249311318064110] | 44,108,52 | 0 | INTERNAL
[1678249311484573687] | 44,109,52 | 0 | INTERNAL
[1678249311650849924] | 44,110,52 | 0 | INTERNAL
[1678249311817342949] | 44,111,52 | 0 | INTERNAL
[1678249311983996890] | 44,112,52 | 0 | INTERNAL
[1678249312150214948] | 44,113,52 | 0 | INTERNAL
[1678249312316745129] | 56,114,52 | 1 | RECEIVE
[1678249312483299685] | 56,115,56 | 0 | RECEIVE
[1678249312649877497] | 56,116,56 | 0 | INTERNAL
[1678249312816419551] | 56,117,56 | 0 | INTERNAL
[1678249312982693274] | 56,118,56 | 0 | INTERNAL
[1678249313148936755] | 56,119,56 | 0 | INTERNAL
[1678249313315554377] | 56,120,56 | 0 | INTERNAL
[1678249313481841160] | 56,121,56 | 0 | INTERNAL
[1678249313648386287] | 56,122,56 | 0 | SEND
[1678249313814681590] | 56,123,56 | 0 | INTERNAL
[1678249313981210235] | 56,124,56 | 0 | INTERNAL
[1678249314147485913] | 56,125,56 | 0 | INTERNAL
[1678249314313836112] | 56,126,56 | 0 | DOUBLE SEND
[1678249314480159002] | 56,127,56 | 0 | INTERNAL
[1678249314646743939] | 56,128,56 | 0 | INTERNAL
[1678249314813288437] | 56,129,56 | 0 | INTERNAL
[1678249314979909482] | 56,130,56 | 0 | SEND
[1678249315146199058] | 56,131,56 | 0 | SEND
[1678249315312801176] | 56,132,56 | 0 | SEND
[1678249315479049685] | 56,133,56 | 0 | INTERNAL
[1678249315645592158] | 56,134,56 | 0 | INTERNAL
[1678249315812177164] | 56,135,56 | 0 | INTERNAL
[1678249315978352061] | 62,136,67 | 0 | RECEIVE
[1678249316145004813] | 62,137,67 | 0 | SEND
[1678249316311672861] | 62,138,67 | 0 | SEND
[1678249316478105683] | 62,139,67 | 0 | SEND
[1678249316644496180] | 62,140,67 | 0 | DOUBLE SEND
[1678249316810780658] | 62,141,67 | 0 | INTERNAL
[1678249316977329067] | 62,142,67 | 0 | DOUBLE SEND
[1678249317143892073] | 62,143,67 | 0 | INTERNAL
[1678249317310202951] | 62,144,67 | 0 | INTERNAL
[1678249317476483029] | 62,145,67 | 0 | INTERNAL
[1678249317642975565] | 62,146,67 | 0 | INTERNAL
[1678249317809297338] | 62,147,67 | 0 | SEND
[1678249317975658781] | 62,148,67 | 0 | INTERNAL
[1678249318141981602] | 62,149,67 | 0 | DOUBLE SEND
[1678249318308247991] | 62,150,67 | 0 | INTERNAL
[1678249318474514170] | 62,151,67 | 0 | INTERNAL
[1678249318641338733] | 62,152,67 | 0 | SEND
[1678249318807678665] | 62,153,67 | 0 | DOUBLE SEND
[1678249318973988286] | 62,154,67 | 0 | INTERNAL
[1678249319140365513] | 62,155,67 | 0 | INTERNAL
[1678249319306651946] | 77,156,73 | 0 | RECEIVE
[1678249319473146019] | 77,157,73 | 0 | INTERNAL
[1678249319639437550] | 77,158,73 | 0 | INTERNAL
[1678249319805723704] | 77,159,73 | 0 | INTERNAL
[1678249319972305777] | 77,160,73 | 0 | INTERNAL
[1678249320138892250] | 77,161,73 | 0 | SEND
[1678249320305196004] | 77,162,73 | 0 | DOUBLE SEND
[1678249320471760686] | 77,163,73 | 0 | INTERNAL
[1678249320638287025] | 77,164,73 | 0 | DOUBLE SEND
[1678249320804819370] | 77,165,73 | 0 | INTERNAL
[1678249320971417646] | 77,166,73 | 0 | INTERNAL
[1678249321137704149] | 77,167,73 | 0 | INTERNAL
[1678249321304008322] | 77,168,83 | 0 | RECEIVE
[1678249321470543671] | 77,169,83 | 0 | INTERNAL
[1678249321637131121] | 77,170,83 | 0 | INTERNAL
[1678249321803480063] | 77,171,83 | 0 | INTERNAL
[1678249321969771734] | 77,172,83 | 0 | INTERNAL
[1678249322136098745] | 77,173,83 | 0 | INTERNAL
[1678249322302676627] | 86,174,84 | 0 | RECEIVE
[1678249322469276789] | 86,175,84 | 0 | SEND
[1678249322635661279] | 86,176,84 | 0 | INTERNAL
[1678249322802149764] | 86,177,84 | 0 | INTERNAL
[1678249322968713329] | 88,178,84 | 0 | RECEIVE
[1678249323135265369] | 88,179,84 | 0 | INTERNAL
[1678249323301753225] | 88,180,84 | 0 | INTERNAL
[1678249323468326219] | 88,181,84 | 0 | SEND
[1678249323634666779] | 88,182,84 | 0 | SEND
[1678249323801275042] | 88,183,84 | 0 | SEND
[1678249323967561615] | 88,184,84 | 0 | INTERNAL
[1678249324133772130] | 88,185,84 | 0 | INTERNAL
[1678249324300073509] | 88,186,84 | 0 | INTERNAL
[1678249324466408482] | 88,187,84 | 0 | INTERNAL
[1678249324632976307] | 88,188,84 | 0 | INTERNAL
[1678249324799534074] | 88,189,84 | 0 | INTERNAL
[1678249324965804863] | 88,190,84 | 0 | INTERNAL
[1678249325132343424] | 88,191,84 | 0 | INTERNAL
[1678249325298648365] | 88,192,84 | 0 | SEND
[1678249325465203199] | 88,193,84 | 0 | INTERNAL
[1678249325631756916] | 88,194,96 | 0 | RECEIVE
[1678249325797983634] | 88,195,96 | 0 | INTERNAL
[1678249325964762380] | 88,196,96 | 0 | INTERNAL
[1678249326131296052] | 88,197,96 | 0 | DOUBLE SEND
[1678249326297893350] | 88,198,96 | 0 | INTERNAL
[1678249326464219313] | 88,199,96 | 0 | INTERNAL
[1678249326630473968] | 88,200,96 | 0 | INTERNAL
[1678249326797024053] | 88,201,96 | 0 | INTERNAL
[1678249326963300359] | 100,202,96 | 0 | RECEIVE
[1678249327129825999] | 100,203,96 | 0 | INTERNAL
[1678249327296456193] | 101,204,96 | 0 | RECEIVE
[1678249327462764137] | 101,205,96 | 0 | INTERNAL
[1678249327629096385] | 101,206,102 | 0 | RECEIVE
[1678249327795662394] | 101,207,102 | 0 | INTERNAL
[1678249327961925500] | 101,208,102 | 0 | INTERNAL
[1678249328128471743] | 101,209,102 | 0 | INTERNAL
[1678249328294773192] | 101,210,104 | 0 | RECEIVE
[1678249328461312312] | 101,211,104 | 0 | INTERNAL
[1678249328627863933] | 101,212,105 | 0 | RECEIVE
[1678249328794156023] | 101,213,105 | 0 | INTERNAL
[1678249328960705828] | 101,214,106 | 0 | RECEIVE
[1678249329127246764] | 101,215,106 | 0 | INTERNAL
[1678249329293779668] | 101,216,106 | 0 | INTERNAL
[1678249329460350775] | 101,217,106 | 0 | INTERNAL
[1678249329627026435] | 101,218,106 | 0 | DOUBLE SEND
[1678249329793337731] | 101,219,106 | 0 | SEND
[1678249329959930768] | 101,220,106 | 0 | SEND
[1678249330126262738] | 101,221,106 | 0 | SEND
[1678249330292633679] | 101,222,106 | 0 | SEND
[1678249330459220709] | 101,223,106 | 0 | SEND
[1678249330625551422] | 101,224,106 | 0 | INTERNAL
[1678249330792131608] | 101,225,106 | 0 | SEND
[1678249330958433685] | 112,226,106 | 0 | RECEIVE
[1678249331124917770] | 112,227,106 | 0 | INTERNAL
[1678249331291218380] | 112,228,106 | 0 | INTERNAL
[1678249331457907659] | 112,229,106 | 0 | SEND
[1678249331624497553] | 112,230,106 | 0 | SEND
[1678249331790799840] | 112,231,106 | 0 | INTERNAL
[1678249331957391690] | 112,232,106 | 0 | INTERNAL
[1678249332124329046] | 112,233,106 | 0 | INTERNAL
[1678249332290940102] | 112,234,106 | 0 | DOUBLE SEND
[1678249332457259710] | 112,235,106 | 0 | INTERNAL
[1678249332623786048] | 112,236,106 | 0 | INTERNAL
[1678249332790389841] | 112,237,106 | 0 | SEND
[1678249332956995449] | 112,238,106 | 0 | SEND
[1678249333123192205] | 112,239,106 | 0 | SEND
[1678249333289806614] | 112,240,106 | 0 | SEND
[1678249333456311581] | 112,241,106 | 0 | INTERNAL
[1678249333622856008] | 112,242,106 | 0 | INTERNAL
[1678249333789411261] | 112,243,106 | 0 | INTERNAL
[1678249333955709427] | 112,244,106 | 0 | INTERNAL
[1678249334122289683] | 112,245,106 | 0 | SEND
[1678249334288574299] | 112,246,106 | 0 | INTERNAL
[1678249334455030866] | 112,247,106 | 0 | INTERNAL
[1678249334621593662] | 112,248,106 | 0 | SEND
[1678249334787892945] | 112,249,106 | 0 | INTERNAL
[1678249334954512661] | 112,250,106 | 0 | INTERNAL
[1678249335120843723] | 112,251,106 | 0 | SEND
[1678249335287266206] | 116,252,125 | 0 | RECEIVE
[1678249335453834519] | 116,253,125 | 0 | INTERNAL
[1678249335620647069] | 116,254,126 | 0 | RECEIVE
[1678249335787245414] | 116,255,126 | 0 | INTERNAL
[1678249335953831327] | 116,256,126 | 0 | INTERNAL
[1678249336120352706] | 116,257,126 | 0 | INTERNAL
[1678249336286908867] | 116,258,126 | 0 | INTERNAL
[1678249336453477110] | 116,259,126 | 0 | INTERNAL
[1678249336619694399] | 116,260,129 | 0 | RECEIVE
[1678249336786001225] | 116,261,129 | 0 | INTERNAL
[1678249336952244146] | 116,262,129 | 0 | INTERNAL
[1678249337118812808] | 116,263,129 | 0 | INTERNAL
[1678249337285100567] | 116,264,129 | 0 | INTERNAL
[1678249337451688157] | 116,265,129 | 0 | DOUBLE SEND
[1678249337618194031] | 116,266,129 | 0 | SEND
[1678249337784456927] | 116,267,129 | 0 | INTERNAL
[1678249337951086980] | 116,268,129 | 0 | DOUBLE SEND
[1678249338117386682] | 116,269,129 | 0 | INTERNAL
[1678249338283688549] | 116,270,129 | 0 | INTERNAL
[1678249338450268945] | 116,271,129 | 0 | INTERNAL
[1678249338616827969] | 116,272,129 | 0 | DOUBLE SEND
[1678249338783410250] | 116,273,129 | 0 | INTERNAL
[1678249338949994137] | 116,274,129 | 0 | SEND
[1678249339116578723] | 116,275,129 | 0 | INTERNAL
[1678249339283149411] | 129,276,137 | 0 | RECEIVE
[1678249339449758581] | 129,277,137 | 0 | INTERNAL
[1678249339616038099] | 138,278,137 | 0 | RECEIVE
[1678249339782330956] | 138,279,137 | 0 | INTERNAL
[1678249339948506620] | 139,280,137 | 0 | RECEIVE
[1678249340114754569] | 139,281,137 | 0 | INTERNAL
[1678249340281023681] | 139,282,137 | 0 | INTERNAL
[1678249340447337840] | 139,283,137 | 0 | INTERNAL
[1678249340613918584] | 139,284,137 | 0 | SEND
[1678249340780218426] | 139,285,137 | 0 | SEND
[1678249340946515264] | 139,286,137 | 0 | SEND
[1678249341112738490] | 139,287,137 | 0 | INTERNAL
[1678249341279294999] | 143,288,137 | 0 | RECEIVE
[1678249341445556917] | 143,289,137 | 0 | INTERNAL
[1678249341611818555] | 144,290,137 | 0 | RECEIVE
[1678249341778384424] | 144,291,137 | 0 | INTERNAL
[1678249341944929549] | 144,292,137 | 0 | INTERNAL
[1678249342111475023] | 144,293,137 | 0 | INTERNAL
[1678249342277747068] | 144,294,137 | 0 | INTERNAL
[1678249342444044535] | 144,295,137 | 0 | INTERNAL
[1678249342610612219] | 144,296,137 | 0 | INTERNAL
[1678249342776999502] | 144,297,137 | 0 | SEND
[1678249342943578291] | 144,298,137 | 0 | INTERNAL
[1678249343110035835] | 144,299,137 | 0 | INTERNAL
[1678249343276340566] | 144,300,137 | 0 | DOUBLE SEND
[1678249343442553524] | 144,301,137 | 0 | INTERNAL
[1678249343609028808] | 144,302,137 | 0 | INTERNAL
[1678249343775300363] | 144,303,137 | 0 | SEND
[1678249343941831660] | 144,304,137 | 0 | INTERNAL
[1678249344108118651] | 144,305,137 | 0 | INTERNAL
[1678249344274396213] | 144,306,137 | 0 | INTERNAL
[1678249344440668955] | 144,307,137 | 0 | INTERNAL
[1678249344607264576] | 144,308,153 | 0 | RECEIVE
[1678249344773730012] | 144,309,153 | 0 | INTERNAL
[1678249344940013371] | 144,310,153 | 0 | INTERNAL
[1678249345106606198] | 144,311,153 | 0 | INTERNAL
[1678249345272938795] | 155,312,153 | 1 | RECEIVE
[1678249345439201201] | 155,313,155 | 0 | RECEIVE
[1678249345605587087] | 155,314,155 | 0 | DOUBLE SEND
[1678249345772118663] | 155,315,155 | 0 | INTERNAL
[1678249345938377438] | 155,316,155 | 0 | INTERNAL
[1678249346104877096] | 155,317,155 | 0 | INTERNAL
[1678249346271255789] | 155,318,155 | 0 | DOUBLE SEND
[1678249346437506322] | 155,319,155 | 0 | INTERNAL
[1678249346604041948] | 155,320,155 | 0 | INTERNAL
[1678249346770434679] | 155,321,155 | 0 | INTERNAL
[1678249346937019614] | 155,322,160 | 0 | RECEIVE
[1678249347103269518] | 155,323,160 | 0 | INTERNAL
[1678249347269841463] | 155,324,160 | 0 | SEND
[1678249347436386937] | 155,325,160 | 0 | INTERNAL
[1678249347602685381] | 155,326,160 | 0 | SEND
[1678249347768976562] | 155,327,160 | 0 | INTERNAL
[1678249347935564291] | 155,328,160 | 0 | DOUBLE SEND
[1678249348102102711] | 155,329,160 | 0 | INTERNAL
[1678249348268595664] | 155,330,160 | 0 | INTERNAL
[1678249348435089874] | 155,331,160 | 0 | INTERNAL
[1678249348601577520] | 155,332,160 | 0 | INTERNAL
[1678249348767858713] | 155,333,160 | 0 | INTERNAL
[1678249348934130758] | 155,334,160 | 0 | SEND
[1678249349100441145] | 155,335,160 | 0 | SEND
[1678249349266965667] | 155,336,160 | 0 | INTERNAL
[1678249349433313838] | 155,337,160 | 0 | SEND
[1678249349599855261] | 155,338,160 | 0 | INTERNAL
[1678249349766178709] | 155,339,160 | 0 | SEND
[1678249349932735637] | 155,340,160 | 0 | INTERNAL
[1678249350099024583] | 155,341,160 | 0 | SEND
[1678249350265355504] | 155,342,160 | 0 | DOUBLE SEND
[1678249350431857466] | 155,343,160 | 0 | INTERNAL
[1678249350598337429] | 155,344,160 | 0 | INTERNAL
[1678249350764897151] | 155,345,160 | 0 | INTERNAL
[1678249350931260548] | 155,346,160 | 0 | DOUBLE SEND
[1678249351097842200] | 155,347,160 | 0 | INTERNAL
[1678249351264096853] | 155,348,160 | 0 | INTERNAL
[1678249351430531908] | 155,349,160 | 0 | INTERNAL
[1678249351597103014] | 155,350,160 | 0 | INTERNAL
[1678249351763697307] | 155,351,160 | 0 | SEND
[1678249351930265689] | 155,352,160 | 0 | INTERNAL
[1678249352096544787] | 155,353,160 | 0 | INTERNAL
[1678249352262808730] | 167,354,176 | 0 | RECEIVE
[1678249352429375296] | 167,355,176 | 0 | INTERNAL
[1678249352595913157] | 167,356,176 | 0 | INTERNAL
[1678249352762459678] | 167,357,176 | 0 | INTERNAL
[1678249352929068359] | 167,358,176 | 0 | DOUBLE SEND
[1678249353095501737] | 167,359,176 | 0 | INTERNAL
[1678249353261822670] | 167,360,176 | 0 | DOUBLE SEND
[1678249353428352779] | 167,361,176 | 0 | INTERNAL
[1678249353594875415] | 167,362,176 | 0 | INTERNAL
[1678249353761169808] | 167,363,176 | 0 | INTERNAL
[1678249353927466436] | 167,364,176 | 0 | INTERNAL
[1678249354093925726] | 167,365,176 | 0 | INTERNAL
[1678249354260209503] | 167,366,176 | 0 | INTERNAL
[1678249354426523592] | 167,367,176 | 0 | SEND
[1678249354593086177] | 167,368,176 | 0 | INTERNAL
[1678249354759632209] | 167,369,176 | 0 | INTERNAL
