Process 0 running at 3Hz
[1678249118111150770] | 1,0,0 | 0 | INTERNAL
[1678249118444652488] | 2,0,0 | 0 | RECEIVE
[1678249118778205610] | 3,2,0 | 0 | RECEIVE
[1678249119111678273] | 4,2,0 | 0 | INTERNAL
[1678249119445107355] | 5,2,8 | 0 | RECEIVE
[1678249119778417986] | 6,7,8 | 0 | RECEIVE
[1678249120111909018] | 7,7,11 | 0 | RECEIVE
[1678249120445183611] | 8,11,11 | 0 | RECEIVE
[1678249120778841354] | 9,11,11 | 0 | INTERNAL
[1678249121112357529] | 10,12,18 | 0 | RECEIVE
[1678249121445915958] | 11,12,18 | 0 | INTERNAL
[1678249121779144455] | 12,17,18 | 0 | RECEIVE
[1678249122112407104] | 13,17,24 | 0 | RECEIVE
[1678249122446055698] | 14,20,24 | 2 | RECEIVE
[1678249122779608958] | 15,20,25 | 1 | RECEIVE
[1678249123112821322] | 16,21,25 | 0 | RECEIVE
[1678249123446101152] | 17,24,31 | 1 | RECEIVE
[1678249123779646729] | 18,24,32 | 2 | RECEIVE
[1678249124113029995] | 19,24,33 | 1 | RECEIVE
[1678249124446561534] | 20,24,34 | 0 | RECEIVE
[1678249124779737090] | 21,24,34 | 0 | INTERNAL
[1678249125112951269] | 22,24,34 | 0 | INTERNAL
[1678249125446492097] | 23,24,43 | 0 | RECEIVE
[1678249125780033624] | 24,38,43 | 0 | RECEIVE
[1678249126113620198] | 25,39,43 | 2 | RECEIVE
[1678249126447076587] | 26,39,47 | 1 | RECEIVE
[1678249126780306200] | 27,39,48 | 0 | RECEIVE
[1678249127113713282] | 28,39,48 | 0 | INTERNAL
[1678249127447131677] | 29,39,48 | 0 | INTERNAL
[1678249127780631647] | 30,47,48 | 1 | RECEIVE
[1678249128113951077] | 31,47,58 | 0 | RECEIVE
[1678249128447249903] | 32,47,61 | 1 | RECEIVE
[1678249128780551313] | 33,51,61 | 1 | RECEIVE
[1678249129113858660] | 34,51,63 | 1 | RECEIVE
[1678249129447044832] | 35,51,65 | 0 | RECEIVE
[1678249129780594808] | 36,51,65 | 0 | INTERNAL
[1678249130113974720] | 37,51,65 | 0 | INTERNAL
[1678249130447254550] | 38,51,65 | 0 | INTERNAL
[1678249130780596398] | 39,63,65 | 0 | RECEIVE
[1678249131114024361] | 40,63,65 | 0 | SEND
[1678249131447359085] | 41,63,65 | 0 | SEND
[1678249131780635143] | 42,67,65 | 0 | RECEIVE
[1678249132113881447] | 43,67,65 | 0 | INTERNAL
[1678249132447197245] | 44,67,65 | 0 | DOUBLE SEND
[1678249132780620877] | 45,67,65 | 0 | INTERNAL
[1678249133113998344] | 46,67,65 | 0 | SEND
[1678249133447262249] | 47,75,84 | 0 | RECEIVE
[1678249133780593271] | 48,75,84 | 0 | INTERNAL
[1678249134113944129] | 49,78,96 | 0 | RECEIVE
[1678249134447271869] | 50,81,96 | 1 | RECEIVE
[1678249134780536192] | 51,81,98 | 0 | RECEIVE
[1678249135113842700] | 52,81,98 | 0 | SEND
[1678249135447144598] | 53,81,98 | 0 | INTERNAL
[1678249135780618935] | 54,87,106 | 0 | RECEIVE
[1678249136113931589] | 55,87,106 | 0 | INTERNAL
[1678249136447189487] | 56,87,109 | 1 | RECEIVE
[1678249136780546909] | 57,87,110 | 1 | RECEIVE
[1678249137113858375] | 58,93,110 | 1 | RECEIVE
[1678249137447280819] | 59,94,110 | 0 | RECEIVE
[1678249137780612400] | 60,94,118 | 0 | RECEIVE
[1678249138113911993] | 61,94,118 | 0 | SEND
[1678249138447200341] | 62,99,122 | 0 | RECEIVE
[1678249138780479890] | 63,99,122 | 0 | INTERNAL
[1678249139114014499] | 64,102,126 | 0 | RECEIVE
[1678249139447315838] | 65,106,126 | 0 | RECEIVE
[1678249139780694282] | 66,106,130 | 0 | RECEIVE
[1678249140113999462] | 67,106,132 | 0 | RECEIVE
[1678249140447319728] | 68,106,132 | 0 | INTERNAL
[1678249140780565542] | 69,106,135 | 0 | RECEIVE
[1678249141113832239] | 70,106,135 | 0 | SEND
[1678249141447295122] | 71,115,135 | 0 | RECEIVE
[1678249141780609171] | 72,118,135 | 0 | RECEIVE
[1678249142113973018] | 73,118,135 | 0 | INTERNAL
[1678249142447227353] | 74,118,146 | 0 | RECEIVE
[1678249142780670679] | 75,118,148 | 0 | RECEIVE
[1678249143113962728] | 76,118,148 | 0 | INTERNAL
[1678249143447334397] | 77,118,148 | 0 | DOUBLE SEND
[1678249143780632243] | 78,118,148 | 0 | INTERNAL
[1678249144114081994] | 79,118,148 | 0 | DOUBLE SEND
[1678249144447318869] | 80,118,148 | 0 | SEND
[1678249144780677616] | 81,118,148 | 0 | DOUBLE SEND
[1678249145113985380] | 82,118,148 | 0 | DOUBLE SEND
[1678249145447244952] | 83,118,148 | 0 | INTERNAL
[1678249145780611592] | 84,118,165 | 0 | RECEIVE
[1678249146113975229] | 85,118,165 | 0 | INTERNAL
[1678249146447649660] | 86,118,169 | 0 | RECEIVE
[1678249146780954699] | 87,118,169 | 0 | SEND
[1678249147114619353] | 88,118,169 | 0 | INTERNAL
[1678249147448115130] | 89,145,169 | 1 | RECEIVE
[1678249147781393978] | 90,145,176 | 1 | RECEIVE
[1678249148114892967] | 91,145,177 | 1 | RECEIVE
[1678249148448407182] | 92,145,179 | 0 | RECEIVE
[1678249148781693783] | 93,145,179 | 0 | INTERNAL
[1678249149114993164] | 94,145,179 | 0 | INTERNAL
[1678249149448523372] | 95,145,179 | 0 | INTERNAL
[1678249149782051974] | 96,145,179 | 0 | INTERNAL
[1678249150115529242] | 97,145,179 | 0 | INTERNAL
[1678249150448944770] | 98,145,179 | 0 | INTERNAL
[1678249150782447670] | 99,161,195 | 1 | RECEIVE
[1678249151115966215] | 100,162,195 | 1 | RECEIVE
[1678249151449540353] | 101,164,195 | 0 | RECEIVE
[1678249151782837080] | 102,164,195 | 0 | SEND
[1678249152116381605] | 103,169,201 | 0 | RECEIVE
[1678249152449941286] | 104,169,201 | 0 | INTERNAL
[1678249152783421837] | 105,169,208 | 0 | RECEIVE
[1678249153116944781] | 106,169,208 | 0 | INTERNAL
[1678249153450503553] | 107,169,208 | 0 | INTERNAL
[1678249153783939614] | 108,169,208 | 0 | SEND
[1678249154117116703] | 109,179,208 | 0 | RECEIVE
[1678249154450350223] | 110,181,208 | 0 | RECEIVE
[1678249154783881967] | 111,181,219 | 0 | RECEIVE
[1678249155117424885] | 112,181,219 | 0 | INTERNAL
[1678249155450746126] | 113,186,222 | 0 | RECEIVE
[1678249155784234917] | 114,186,222 | 0 | INTERNAL
[1678249156117799906] | 115,186,228 | 0 | RECEIVE
[1678249156451078334] | 116,186,229 | 2 | RECEIVE
[1678249156784629493] | 117,186,230 | 1 | RECEIVE
[1678249157117898213] | 118,191,230 | 2 | RECEIVE
[1678249157451186349] | 119,194,230 | 1 | RECEIVE
[1678249157784445571] | 120,194,234 | 0 | RECEIVE
[1678249158117721135] | 121,198,234 | 0 | RECEIVE
[1678249158451046636] | 122,198,234 | 0 | INTERNAL
[1678249158784380727] | 123,198,234 | 0 | SEND
[1678249159117913309] | 124,204,234 | 0 | RECEIVE
[1678249159451148295] | 125,204,234 | 0 | SEND
[1678249159784483364] | 126,204,234 | 0 | SEND
[1678249160117759068] | 127,204,234 | 0 | INTERNAL
[1678249160451041197] | 128,204,234 | 0 | INTERNAL
[1678249160784328005] | 129,204,234 | 0 | INTERNAL
[1678249161117618794] | 130,213,255 | 1 | RECEIVE
[1678249161451170582] | 131,213,258 | 0 | RECEIVE
[1678249161784508305] | 132,216,262 | 0 | RECEIVE
[1678249162117981450] | 133,216,264 | 0 | RECEIVE
[1678249162451271820] | 134,216,264 | 0 | INTERNAL
[1678249162784566101] | 135,216,264 | 0 | SEND
[1678249163117846205] | 136,216,264 | 0 | INTERNAL
[1678249163451343515] | 137,216,264 | 0 | INTERNAL
[1678249163785033379] | 138,216,273 | 0 | RECEIVE
[1678249164118315019] | 139,228,273 | 0 | RECEIVE
[1678249164451633185] | 140,228,273 | 0 | DOUBLE SEND
[1678249164785243011] | 141,228,273 | 0 | DOUBLE SEND
[1678249165118795915] | 142,228,273 | 0 | INTERNAL
[1678249165452370540] | 143,228,273 | 0 | SEND
[1678249165785923095] | 144,237,278 | 0 | RECEIVE
[1678249166119412722] | 145,237,278 | 0 | INTERNAL
[1678249166453031138] | 146,237,278 | 0 | SEND
[1678249166786686430] | 147,237,292 | 0 | RECEIVE
[1678249167120256864] | 148,244,292 | 0 | RECEIVE
[1678249167453532706] | 149,244,292 | 0 | INTERNAL
[1678249167786789551] | 150,247,292 | 0 | RECEIVE
[1678249168120362220] | 151,248,292 | 1 | RECEIVE
[1678249168453695891] | 152,249,292 | 0 | RECEIVE
[1678249168787097239] | 153,249,292 | 0 | DOUBLE SEND
[1678249169120540072] | 154,254,301 | 0 | RECEIVE
[1678249169453836377] | 155,254,301 | 0 | INTERNAL
[1678249169787140785] | 156,254,301 | 0 | INTERNAL
[1678249170120533611] | 157,254,301 | 0 | SEND
[1678249170453832850] | 158,254,301 | 0 | INTERNAL
[1678249170787144660] | 159,254,301 | 0 | INTERNAL
[1678249171120458775] | 160,263,307 | 1 | RECEIVE
[1678249171453994357] | 161,264,307 | 0 | RECEIVE
[1678249171787341857] | 162,264,322 | 0 | RECEIVE
[1678249172120640606] | 163,269,322 | 0 | RECEIVE
[1678249172454075198] | 164,269,322 | 0 | INTERNAL
[1678249172787373458] | 165,269,322 | 0 | INTERNAL
[1678249173120686944] | 166,269,322 | 0 | INTERNAL
[1678249173454002246] | 167,272,332 | 0 | RECEIVE
[1678249173787326837] | 168,272,333 | 0 | RECEIVE
[1678249174120600303] | 169,278,333 | 0 | RECEIVE
[1678249174453899332] | 170,278,333 | 0 | INTERNAL
[1678249174787259612] | 171,279,339 | 0 | RECEIVE
[1678249175120600894] | 172,279,339 | 0 | INTERNAL
[1678249175453970463] | 173,279,339 | 0 | DOUBLE SEND
[1678249175787285136] | 174,279,339 | 0 | INTERNAL
[1678249176120560697] | 175,288,343 | 0 | RECEIVE
[1678249176453813840] | 176,288,343 | 0 | INTERNAL
[1678249176787096246] | 177,292,348 | 0 | RECEIVE
[1678249177120607453] | 178,292,354 | 0 | RECEIVE
[1678249177454072774] | 179,292,355 | 2 | RECEIVE
[1678249177787395897] | 180,292,356 | 1 | RECEIVE
[1678249178120715179] | 181,296,356 | 0 | RECEIVE
[1678249178454056601] | 182,296,356 | 0 | SEND
