Running process at 1Hz
[1678249032264291437] | 1,0,0 | 0 | INTERNAL
[1678249033264538014] | 2,0,0 | 0 | INTERNAL
[1678249034264849962] | 3,0,0 | 0 | SEND
[1678249035265086340] | 4,0,0 | 0 | INTERNAL
[1678249036265365531] | 5,0,0 | 0 | INTERNAL
[1678249037265975492] | 6,0,0 | 0 | INTERNAL
[1678249038266608290] | 7,0,10 | 0 | RECEIVE
[1678249039267381050] | 8,6,10 | 0 | RECEIVE
[1678249040267670645] | 9,6,14 | 0 | RECEIVE
[1678249041267954791] | 10,6,16 | 0 | RECEIVE
[1678249042268486456] | 11,6,19 | 0 | RECEIVE
[1678249043269025524] | 12,6,19 | 0 | INTERNAL
[1678249044269568013] | 13,6,19 | 0 | INTERNAL
[1678249045269860608] | 14,6,19 | 0 | INTERNAL
[1678249046270415039] | 15,6,19 | 0 | INTERNAL
[1678249047270951381] | 16,6,19 | 0 | INTERNAL
[1678249048271461810] | 17,6,19 | 0 | INTERNAL
[1678249049271967979] | 18,6,19 | 0 | INTERNAL
[1678249050272545106] | 19,6,19 | 0 | INTERNAL
[1678249051272784060] | 20,6,19 | 0 | INTERNAL
[1678249052273241268] | 21,13,39 | 0 | RECEIVE
[1678249053274020724] | 22,13,41 | 1 | RECEIVE
[1678249054274250667] | 23,21,41 | 0 | RECEIVE
[1678249055274475649] | 24,21,41 | 0 | INTERNAL
[1678249056275212710] | 25,21,41 | 0 | INTERNAL
[1678249057275545807] | 26,21,41 | 0 | SEND
[1678249058275829176] | 27,21,41 | 0 | DOUBLE SEND
[1678249059276065052] | 28,21,41 | 0 | INTERNAL
[1678249060276618567] | 29,21,54 | 0 | RECEIVE
[1678249061276986372] | 30,21,54 | 0 | INTERNAL
[1678249062277300330] | 31,21,54 | 0 | DOUBLE SEND
[1678249063277532362] | 32,21,54 | 0 | INTERNAL
[1678249064277771168] | 33,21,54 | 0 | INTERNAL
[1678249065278066127] | 34,21,54 | 0 | SEND
[1678249066278598407] | 35,21,54 | 0 | INTERNAL
[1678249067278848107] | 36,21,54 | 0 | INTERNAL
[1678249068279119248] | 37,33,71 | 0 | RECEIVE
[1678249069279503113] | 38,33,71 | 0 | SEND
[1678249070279798557] | 39,33,71 | 0 | INTERNAL
[1678249071280338447] | 40,33,77 | 0 | RECEIVE
[1678249072280876939] | 41,33,77 | 0 | INTERNAL
[1678249073281170008] | 42,33,77 | 0 | INTERNAL
[1678249074281701375] | 43,33,77 | 0 | INTERNAL
[1678249075282279746] | 44,33,77 | 0 | DOUBLE SEND
[1678249076282548996] | 45,33,77 | 0 | INTERNAL
[1678249077282857148] | 46,33,77 | 0 | SEND
[1678249078283379225] | 47,33,90 | 0 | RECEIVE
[1678249079283936850] | 48,33,93 | 0 | RECEIVE
[1678249080284611459] | 49,33,93 | 0 | SEND
[1678249081284916466] | 50,33,93 | 0 | SEND
[1678249082285204990] | 51,33,99 | 0 | RECEIVE
[1678249083285449094] | 52,33,99 | 0 | SEND
[1678249084285964392] | 53,33,99 | 0 | DOUBLE SEND
[1678249085286461741] | 54,33,99 | 0 | INTERNAL
[1678249086286726726] | 55,33,99 | 0 | INTERNAL
[1678249087287297547] | 56,33,108 | 0 | RECEIVE
[1678249088287512035] | 57,33,110 | 0 | RECEIVE
[1678249089287781419] | 58,33,112 | 0 | RECEIVE
[1678249090288055830] | 59,33,112 | 0 | INTERNAL
[1678249091288588167] | 60,58,117 | 0 | RECEIVE
[1678249092289066724] | 61,59,117 | 0 | RECEIVE
[1678249093289605973] | 62,59,117 | 0 | INTERNAL
