Process 0 running at 4Hz
[1678249201808544338] | 1,0,0 | 0 | INTERNAL
[1678249202058862943] | 2,0,0 | 0 | INTERNAL
[1678249202309409930] | 3,0,0 | 0 | INTERNAL
[1678249202560016422] | 4,0,0 | 0 | DOUBLE SEND
[1678249202810300036] | 5,6,0 | 0 | RECEIVE
[1678249203060522260] | 6,6,0 | 0 | INTERNAL
[1678249203310700064] | 7,8,0 | 0 | RECEIVE
[1678249203561233781] | 8,8,0 | 0 | INTERNAL
[1678249203811776996] | 9,8,0 | 0 | INTERNAL
[1678249204062524778] | 10,8,0 | 0 | SEND
[1678249204313083777] | 11,8,0 | 0 | INTERNAL
[1678249204563701793] | 12,8,0 | 0 | DOUBLE SEND
[1678249204813993928] | 13,8,0 | 0 | INTERNAL
[1678249205064596439] | 14,8,0 | 0 | SEND
[1678249205314941653] | 15,8,0 | 0 | SEND
[1678249205565459865] | 16,8,0 | 0 | INTERNAL
[1678249205816001194] | 17,8,0 | 0 | INTERNAL
[1678249206066348364] | 18,8,0 | 0 | SEND
[1678249206316645877] | 19,8,0 | 0 | INTERNAL
[1678249206567032577] | 20,8,0 | 0 | DOUBLE SEND
[1678249206817349226] | 21,8,0 | 0 | INTERNAL
[1678249207067749824] | 22,8,0 | 0 | DOUBLE SEND
[1678249207318041609] | 23,8,0 | 0 | INTERNAL
[1678249207568351623] | 24,8,0 | 0 | DOUBLE SEND
[1678249207818739581] | 25,8,0 | 0 | SEND
[1678249208069018026] | 26,8,0 | 0 | INTERNAL
[1678249208319650429] | 27,8,0 | 0 | INTERNAL
[1678249208570223675] | 28,8,0 | 0 | INTERNAL
[1678249208820613099] | 29,8,0 | 0 | INTERNAL
[1678249209071122650] | 30,8,0 | 0 | INTERNAL
[1678249209321387826] | 31,45,0 | 0 | RECEIVE
[1678249209571924056] | 32,45,0 | 0 | DOUBLE SEND
[1678249209822130984] | 33,45,0 | 0 | SEND
[1678249210072454686] | 34,45,0 | 0 | INTERNAL
[1678249210322823367] | 35,45,0 | 0 | INTERNAL
[1678249210573527846] | 36,45,0 | 0 | INTERNAL
[1678249210823798748] | 37,45,0 | 0 | INTERNAL
[1678249211074068114] | 38,45,0 | 0 | INTERNAL
[1678249211324338457] | 39,45,0 | 0 | INTERNAL
[1678249211574522966] | 40,45,0 | 0 | INTERNAL
[1678249211824790446] | 41,59,0 | 0 | RECEIVE
[1678249212075071684] | 42,59,0 | 0 | INTERNAL
[1678249212325570619] | 43,59,0 | 0 | INTERNAL
[1678249212576096932] | 44,59,0 | 0 | INTERNAL
[1678249212826414837] | 45,65,0 | 0 | RECEIVE
[1678249213076729600] | 46,65,0 | 0 | INTERNAL
[1678249213327157855] | 47,68,0 | 0 | RECEIVE
[1678249213577452573] | 48,68,0 | 0 | SEND
[1678249213828117382] | 49,71,0 | 0 | RECEIVE
[1678249214078623021] | 50,73,0 | 0 | RECEIVE
[1678249214328955244] | 51,73,0 | 0 | SEND
[1678249214579437696] | 52,73,0 | 0 | INTERNAL
[1678249214829792548] | 53,73,0 | 0 | DOUBLE SEND
[1678249215080154453] | 54,73,0 | 0 | SEND
[1678249215330458669] | 55,73,0 | 0 | INTERNAL
[1678249215581051960] | 56,73,0 | 0 | INTERNAL
[1678249215831301350] | 57,73,0 | 0 | INTERNAL
[1678249216081842190] | 58,73,0 | 0 | INTERNAL
[1678249216332123987] | 59,73,0 | 0 | SEND
[1678249216582378616] | 60,88,0 | 0 | RECEIVE
[1678249216832590292] | 61,88,0 | 0 | SEND
[1678249217083158160] | 62,88,0 | 0 | SEND
[1678249217333424172] | 63,88,0 | 0 | INTERNAL
[1678249217583600788] | 64,88,0 | 0 | DOUBLE SEND
[1678249217833864286] | 65,88,0 | 0 | SEND
[1678249218084291004] | 66,97,0 | 0 | RECEIVE
[1678249218334550382] | 67,98,0 | 0 | RECEIVE
[1678249218585130751] | 68,98,0 | 0 | INTERNAL
[1678249218835398719] | 69,98,0 | 0 | INTERNAL
[1678249219086022950] | 70,98,0 | 0 | DOUBLE SEND
[1678249219336291965] | 71,98,0 | 0 | INTERNAL
[1678249219586943852] | 72,98,0 | 0 | SEND
[1678249219837195547] | 73,107,0 | 0 | RECEIVE
[1678249220087493058] | 74,109,0 | 0 | RECEIVE
[1678249220337789661] | 75,109,0 | 0 | INTERNAL
[1678249220588062867] | 76,109,0 | 0 | INTERNAL
[1678249220838606081] | 77,109,0 | 0 | INTERNAL
[1678249221089091117] | 78,109,0 | 0 | INTERNAL
[1678249221339657727] | 79,109,0 | 0 | INTERNAL
[1678249221590297951] | 80,109,0 | 0 | SEND
[1678249221840570179] | 81,119,0 | 0 | RECEIVE
[1678249222090838077] | 82,121,0 | 0 | RECEIVE
[1678249222341121340] | 83,121,0 | 0 | INTERNAL
[1678249222591674052] | 84,121,0 | 0 | INTERNAL
[1678249222842012769] | 85,121,0 | 0 | DOUBLE SEND
[1678249223092593767] | 86,121,0 | 0 | INTERNAL
[1678249223343210593] | 87,121,0 | 0 | SEND
[1678249223593752829] | 88,130,0 | 0 | RECEIVE
[1678249223844027990] | 89,130,0 | 0 | INTERNAL
[1678249224094577000] | 90,130,0 | 0 | INTERNAL
[1678249224345112112] | 91,134,0 | 0 | RECEIVE
[1678249224595380568] | 92,134,0 | 0 | INTERNAL
[1678249224846023026] | 93,134,0 | 0 | SEND
[1678249225096349451] | 94,134,0 | 0 | SEND
[1678249225346922137] | 95,134,0 | 0 | DOUBLE SEND
[1678249225597537427] | 96,134,0 | 0 | SEND
[1678249225847787725] | 97,134,0 | 0 | INTERNAL
[1678249226098096200] | 98,134,0 | 0 | INTERNAL
[1678249226348627261] | 99,146,0 | 1 | RECEIVE
[1678249226598834675] | 100,147,0 | 0 | RECEIVE
[1678249226849119893] | 101,150,0 | 0 | RECEIVE
[1678249227099419708] | 102,150,0 | 0 | INTERNAL
[1678249227349961105] | 103,152,0 | 0 | RECEIVE
[1678249227600496147] | 104,152,0 | 0 | INTERNAL
[1678249227851111017] | 105,152,0 | 0 | SEND
[1678249228101506096] | 106,152,0 | 0 | DOUBLE SEND
[1678249228352002585] | 107,152,0 | 0 | INTERNAL
[1678249228602577296] | 108,160,0 | 0 | RECEIVE
[1678249228852856718] | 109,161,0 | 1 | RECEIVE
[1678249229103091859] | 110,162,0 | 0 | RECEIVE
[1678249229353298156] | 111,165,0 | 0 | RECEIVE
[1678249229603851216] | 112,165,0 | 0 | INTERNAL
[1678249229854389820] | 113,168,0 | 0 | RECEIVE
[1678249230104592485] | 114,169,0 | 0 | RECEIVE
[1678249230355141075] | 115,169,0 | 0 | INTERNAL
[1678249230605446267] | 116,169,0 | 0 | INTERNAL
[1678249230855755092] | 117,174,0 | 0 | RECEIVE
[1678249231106025433] | 118,174,0 | 0 | INTERNAL
[1678249231356409616] | 119,174,0 | 0 | INTERNAL
[1678249231606733247] | 120,174,0 | 0 | SEND
[1678249231857476975] | 121,174,0 | 0 | INTERNAL
[1678249232107650585] | 122,181,0 | 0 | RECEIVE
[1678249232358258262] | 123,181,0 | 0 | INTERNAL
[1678249232608845824] | 124,181,0 | 0 | DOUBLE SEND
[1678249232859287975] | 125,181,0 | 0 | INTERNAL
[1678249233109568374] | 126,187,0 | 1 | RECEIVE
[1678249233360158869] | 127,188,0 | 0 | RECEIVE
[1678249233610455331] | 128,190,0 | 0 | RECEIVE
[1678249233860745297] | 129,190,0 | 0 | INTERNAL
[1678249234110992730] | 130,194,0 | 0 | RECEIVE
[1678249234361556197] | 131,194,0 | 0 | INTERNAL
[1678249234612188597] | 132,194,0 | 0 | INTERNAL
[1678249234862500773] | 133,194,0 | 0 | SEND
[1678249235112755958] | 134,200,0 | 0 | RECEIVE
[1678249235363031957] | 135,200,0 | 0 | INTERNAL
[1678249235613562318] | 136,202,0 | 0 | RECEIVE
[1678249235863944964] | 137,202,0 | 0 | SEND
[1678249236114201476] | 138,202,0 | 0 | INTERNAL
[1678249236364455055] | 139,202,0 | 0 | DOUBLE SEND
[1678249236614989537] | 140,209,0 | 0 | RECEIVE
[1678249236865321828] | 141,209,0 | 0 | SEND
[1678249237115656073] | 142,209,0 | 0 | SEND
[1678249237366224219] | 143,209,0 | 0 | INTERNAL
[1678249237616412426] | 144,209,0 | 0 | INTERNAL
[1678249237867010883] | 145,209,0 | 0 | INTERNAL
[1678249238117305738] | 146,209,0 | 0 | DOUBLE SEND
[1678249238367593609] | 147,209,0 | 0 | INTERNAL
[1678249238618147786] | 148,221,0 | 0 | RECEIVE
[1678249238868630794] | 149,221,0 | 0 | INTERNAL
[1678249239119235955] | 150,221,0 | 0 | INTERNAL
[1678249239369799421] | 151,221,0 | 0 | SEND
[1678249239620075419] | 152,221,0 | 0 | INTERNAL
[1678249239870652224] | 153,221,0 | 0 | SEND
[1678249240120911600] | 154,221,0 | 0 | INTERNAL
[1678249240371544418] | 155,221,0 | 0 | DOUBLE SEND
[1678249240621804352] | 156,233,0 | 0 | RECEIVE
[1678249240872368517] | 157,233,0 | 0 | INTERNAL
[1678249241122766458] | 158,233,0 | 0 | SEND
[1678249241373301707] | 159,233,0 | 0 | INTERNAL
[1678249241623874462] | 160,233,0 | 0 | INTERNAL
[1678249241874067837] | 161,233,0 | 0 | SEND
[1678249242124605391] | 162,233,0 | 0 | INTERNAL
[1678249242374879084] | 163,233,0 | 0 | INTERNAL
[1678249242625248669] | 164,233,0 | 0 | INTERNAL
[1678249242875528647] | 165,233,0 | 0 | INTERNAL
[1678249243126202463] | 166,233,0 | 0 | SEND
[1678249243376716969] | 167,233,0 | 0 | INTERNAL
[1678249243626997297] | 168,250,0 | 0 | RECEIVE
[1678249243877332520] | 169,250,0 | 0 | INTERNAL
[1678249244127584142] | 170,254,0 | 0 | RECEIVE
[1678249244377894432] | 171,254,0 | 0 | DOUBLE SEND
[1678249244628207934] | 172,257,0 | 0 | RECEIVE
[1678249244878881330] | 173,257,0 | 0 | SEND
[1678249245129415532] | 174,257,0 | 0 | INTERNAL
[1678249245379702634] | 175,257,0 | 0 | INTERNAL
[1678249245629889932] | 176,257,0 | 0 | INTERNAL
[1678249245880456330] | 177,257,0 | 0 | INTERNAL
[1678249246130759496] | 178,257,0 | 0 | INTERNAL
[1678249246381263177] | 179,257,0 | 0 | SEND
[1678249246631911849] | 180,257,0 | 0 | INTERNAL
[1678249246882224233] | 181,257,0 | 0 | INTERNAL
[1678249247132728682] | 182,257,0 | 0 | SEND
[1678249247383310446] | 183,257,0 | 0 | DOUBLE SEND
[1678249247633610887] | 184,257,0 | 0 | INTERNAL
[1678249247883933538] | 185,257,0 | 0 | INTERNAL
[1678249248134230627] | 186,277,0 | 1 | RECEIVE
[1678249248384710981] | 187,278,0 | 0 | RECEIVE
[1678249248635058007] | 188,278,0 | 0 | INTERNAL
[1678249248885547020] | 189,282,0 | 0 | RECEIVE
[1678249249136082758] | 190,282,0 | 0 | INTERNAL
[1678249249386685055] | 191,282,0 | 0 | SEND
[1678249249637271218] | 192,282,0 | 0 | INTERNAL
[1678249249887583882] | 193,282,0 | 0 | DOUBLE SEND
[1678249250137859948] | 194,282,0 | 0 | INTERNAL
[1678249250388183577] | 195,282,0 | 0 | INTERNAL
[1678249250638446164] | 196,282,0 | 0 | INTERNAL
[1678249250888986372] | 197,282,0 | 0 | INTERNAL
[1678249251139261041] | 198,296,0 | 0 | RECEIVE
[1678249251390205841] | 199,296,0 | 0 | INTERNAL
[1678249251640771890] | 200,299,0 | 0 | RECEIVE
[1678249251891303437] | 201,299,0 | 0 | INTERNAL
[1678249252141554709] | 202,299,0 | 0 | INTERNAL
[1678249252392026053] | 203,299,0 | 0 | INTERNAL
[1678249252642585467] | 204,299,0 | 0 | SEND
[1678249252893153471] | 205,299,0 | 0 | SEND
[1678249253143437569] | 206,299,0 | 0 | INTERNAL
[1678249253394006271] | 207,299,0 | 0 | SEND
[1678249253644236591] | 208,299,0 | 0 | INTERNAL
[1678249253894569439] | 209,312,0 | 0 | RECEIVE
[1678249254144844946] | 210,313,0 | 0 | RECEIVE
[1678249254395398354] | 211,313,0 | 0 | INTERNAL
[1678249254645715417] | 212,317,0 | 0 | RECEIVE
[1678249254896372189] | 213,317,0 | 0 | INTERNAL
[1678249255146987267] | 214,317,0 | 0 | INTERNAL
[1678249255397293365] | 215,317,0 | 0 | INTERNAL
[1678249255647582072] | 216,323,0 | 0 | RECEIVE
[1678249255898175079] | 217,323,0 | 0 | SEND
[1678249256148513095] | 218,323,0 | 0 | SEND
[1678249256399136064] | 219,323,0 | 0 | INTERNAL
[1678249256649639883] | 220,328,0 | 1 | RECEIVE
[1678249256899964559] | 221,329,0 | 0 | RECEIVE
[1678249257150158771] | 222,331,0 | 0 | RECEIVE
[1678249257400705752] | 223,331,0 | 0 | INTERNAL
[1678249257651020370] | 224,331,0 | 0 | INTERNAL
[1678249257901499745] | 225,331,0 | 0 | INTERNAL
[1678249258151752344] | 226,337,0 | 0 | RECEIVE
[1678249258402012346] | 227,337,0 | 1 | DOUBLE SEND
[1678249258652558280] | 228,340,0 | 0 | RECEIVE
[1678249258903091293] | 229,340,0 | 0 | INTERNAL
[1678249259153264831] | 230,340,0 | 0 | INTERNAL
[1678249259403590554] | 231,340,0 | 0 | INTERNAL
[1678249259653894277] | 232,347,0 | 0 | RECEIVE
[1678249259904793330] | 233,347,0 | 0 | DOUBLE SEND
[1678249260155077078] | 234,347,0 | 0 | DOUBLE SEND
[1678249260405366414] | 235,347,0 | 0 | INTERNAL
[1678249260656013548] | 236,347,0 | 0 | INTERNAL
[1678249260906328096] | 237,355,0 | 0 | RECEIVE
[1678249261156590403] | 238,355,0 | 0 | INTERNAL
[1678249261406981986] | 239,357,0 | 0 | RECEIVE
[1678249261657326008] | 240,359,0 | 0 | RECEIVE
[1678249261907622327] | 241,359,0 | 0 | SEND
[1678249262158161835] | 242,359,0 | 0 | INTERNAL
[1678249262408418694] | 243,364,0 | 0 | RECEIVE
[1678249262658697204] | 244,364,0 | 0 | INTERNAL
