Process 2 running at 6Hz
[1678249118111107888] | 0,0,1 | 0 | INTERNAL
[1678249118277365351] | 0,0,2 | 0 | INTERNAL
[1678249118443659480] | 0,0,3 | 0 | INTERNAL
[1678249118609940689] | 0,0,4 | 0 | INTERNAL
[1678249118776241524] | 0,0,5 | 0 | INTERNAL
[1678249118942538307] | 0,0,6 | 0 | INTERNAL
[1678249119109148121] | 0,0,7 | 0 | INTERNAL
[1678249119275710512] | 0,0,8 | 0 | INTERNAL
[1678249119442318301] | 0,0,9 | 0 | SEND
[1678249119608808406] | 0,0,10 | 0 | INTERNAL
[1678249119775380016] | 0,0,11 | 0 | INTERNAL
[1678249119942001004] | 0,0,12 | 0 | DOUBLE SEND
[1678249120108497186] | 0,0,13 | 0 | INTERNAL
[1678249120275018370] | 0,0,14 | 0 | INTERNAL
[1678249120441647390] | 0,11,15 | 0 | RECEIVE
[1678249120608214251] | 0,12,16 | 0 | RECEIVE
[1678249120774762046] | 0,12,17 | 0 | INTERNAL
[1678249120941288468] | 0,12,18 | 0 | SEND
[1678249121107885152] | 0,12,19 | 0 | SEND
[1678249121274175300] | 0,12,20 | 0 | INTERNAL
[1678249121440751660] | 0,16,21 | 0 | RECEIVE
[1678249121607063459] | 0,17,22 | 0 | RECEIVE
[1678249121773339849] | 0,17,23 | 0 | SEND
[1678249121939868227] | 0,17,24 | 0 | INTERNAL
[1678249122106391227] | 0,17,25 | 0 | SEND
[1678249122272968704] | 0,17,26 | 0 | SEND
[1678249122439217576] | 0,21,27 | 0 | RECEIVE
[1678249122605786742] | 0,21,28 | 0 | INTERNAL
[1678249122772111112] | 0,21,29 | 0 | INTERNAL
[1678249122938405521] | 0,24,30 | 0 | RECEIVE
[1678249123104979156] | 0,24,31 | 0 | SEND
[1678249123271302829] | 0,24,32 | 0 | SEND
[1678249123437596818] | 0,24,33 | 0 | SEND
[1678249123604006396] | 0,24,34 | 0 | SEND
[1678249123770549022] | 0,24,35 | 0 | DOUBLE SEND
[1678249123937143540] | 0,24,36 | 0 | SEND
[1678249124103700692] | 0,24,37 | 0 | INTERNAL
[1678249124269981971] | 0,24,38 | 0 | SEND
[1678249124436271211] | 0,24,39 | 0 | INTERNAL
[1678249124602823614] | 0,24,40 | 0 | INTERNAL
[1678249124769372805] | 0,24,41 | 0 | INTERNAL
[1678249124935898040] | 0,24,42 | 0 | INTERNAL
[1678249125102159553] | 0,24,43 | 0 | INTERNAL
[1678249125268496216] | 0,24,44 | 0 | DOUBLE SEND
[1678249125434997286] | 0,24,45 | 0 | INTERNAL
[1678249125601512952] | 0,24,46 | 0 | INTERNAL
[1678249125767854923] | 0,24,47 | 0 | INTERNAL
[1678249125934452863] | 0,24,48 | 0 | DOUBLE SEND
[1678249126100764243] | 0,24,49 | 0 | SEND
[1678249126267258608] | 0,24,50 | 0 | INTERNAL
[1678249126433795856] | 0,24,51 | 0 | INTERNAL
[1678249126600374170] | 0,24,52 | 0 | INTERNAL
[1678249126766642318] | 0,24,53 | 0 | INTERNAL
[1678249126933177540] | 0,24,54 | 0 | INTERNAL
[1678249127099721633] | 0,24,55 | 0 | INTERNAL
[1678249127266262721] | 0,45,56 | 0 | RECEIVE
[1678249127432830699] | 0,45,57 | 0 | INTERNAL
[1678249127599372696] | 0,45,58 | 0 | INTERNAL
[1678249127765756572] | 0,45,59 | 0 | DOUBLE SEND
[1678249127932314772] | 0,45,60 | 0 | SEND
[1678249128098861238] | 0,45,61 | 0 | INTERNAL
[1678249128265398206] | 0,45,62 | 0 | SEND
[1678249128431903047] | 0,45,63 | 0 | INTERNAL
[1678249128598151989] | 0,45,64 | 0 | SEND
[1678249128764693008] | 0,45,65 | 0 | INTERNAL
[1678249128931296116] | 0,45,66 | 0 | DOUBLE SEND
[1678249129097911167] | 0,45,67 | 0 | INTERNAL
[1678249129264513088] | 0,45,68 | 0 | INTERNAL
[1678249129431026589] | 0,45,69 | 0 | INTERNAL
[1678249129597246267] | 0,45,70 | 0 | INTERNAL
[1678249129763790777] | 0,45,71 | 0 | INTERNAL
[1678249129930102786] | 0,45,72 | 0 | INTERNAL
[1678249130096395727] | 0,45,73 | 0 | INTERNAL
[1678249130262697748] | 0,45,74 | 0 | INTERNAL
[1678249130429006334] | 0,61,75 | 0 | RECEIVE
[1678249130595388882] | 0,61,76 | 0 | INTERNAL
[1678249130761702217] | 0,61,77 | 0 | INTERNAL
[1678249130928238626] | 0,61,78 | 0 | INTERNAL
[1678249131094774966] | 0,61,79 | 0 | INTERNAL
[1678249131261030961] | 39,63,80 | 0 | RECEIVE
[1678249131427526233] | 39,63,81 | 0 | INTERNAL
[1678249131593834749] | 40,63,82 | 0 | RECEIVE
[1678249131760159678] | 40,63,83 | 0 | INTERNAL
[1678249131926445356] | 40,63,84 | 0 | INTERNAL
[1678249132093047626] | 40,63,85 | 0 | SEND
[1678249132259308300] | 40,63,86 | 0 | INTERNAL
[1678249132425488796] | 40,63,87 | 0 | INTERNAL
[1678249132591787744] | 43,67,88 | 0 | RECEIVE
[1678249132758333721] | 43,67,89 | 0 | INTERNAL
[1678249132924875159] | 43,67,90 | 0 | INTERNAL
[1678249133091241853] | 43,67,91 | 0 | INTERNAL
[1678249133257493448] | 45,67,92 | 1 | RECEIVE
[1678249133424067711] | 45,75,93 | 0 | RECEIVE
[1678249133590615504] | 45,75,94 | 0 | INTERNAL
[1678249133757169443] | 45,78,95 | 0 | RECEIVE
[1678249133923430746] | 45,78,96 | 0 | INTERNAL
[1678249134090030851] | 45,78,97 | 0 | DOUBLE SEND
[1678249134256293760] | 45,78,98 | 0 | INTERNAL
[1678249134422877312] | 45,78,99 | 0 | DOUBLE SEND
[1678249134589253853] | 45,78,100 | 0 | SEND
[1678249134755802205] | 45,78,101 | 0 | INTERNAL
[1678249134922309630] | 45,78,102 | 0 | INTERNAL
[1678249135088638749] | 45,84,103 | 0 | RECEIVE
[1678249135254900540] | 45,84,104 | 0 | INTERNAL
[1678249135421439743] | 51,86,105 | 0 | RECEIVE
[1678249135587953314] | 51,87,106 | 0 | RECEIVE
[1678249135754750651] | 51,87,107 | 0 | DOUBLE SEND
[1678249135921052741] | 51,87,108 | 0 | INTERNAL
[1678249136087335625] | 51,87,109 | 0 | INTERNAL
[1678249136253628496] | 51,87,110 | 0 | SEND
[1678249136420299978] | 51,87,111 | 0 | DOUBLE SEND
[1678249136586838831] | 51,87,112 | 0 | INTERNAL
[1678249136753076597] | 51,93,113 | 0 | RECEIVE
[1678249136919678168] | 51,93,114 | 0 | INTERNAL
[1678249137086206685] | 51,93,115 | 0 | INTERNAL
[1678249137252473784] | 51,93,116 | 0 | INTERNAL
[1678249137419022974] | 51,93,117 | 0 | INTERNAL
[1678249137585351604] | 51,93,118 | 0 | SEND
[1678249137751647339] | 51,93,119 | 0 | SEND
[1678249137917925473] | 51,93,120 | 0 | INTERNAL
[1678249138084229728] | 51,99,121 | 0 | RECEIVE
[1678249138250520504] | 60,99,122 | 0 | RECEIVE
[1678249138417100633] | 60,99,123 | 0 | SEND
[1678249138583666864] | 60,102,124 | 0 | RECEIVE
[1678249138750276118] | 60,102,125 | 0 | INTERNAL
[1678249138916891238] | 60,102,126 | 0 | INTERNAL
[1678249139083587164] | 60,102,127 | 0 | DOUBLE SEND
[1678249139249792314] | 60,102,128 | 0 | INTERNAL
[1678249139416036296] | 60,106,129 | 0 | RECEIVE
[1678249139582510615] | 60,106,130 | 0 | INTERNAL
[1678249139749240764] | 60,106,131 | 0 | DOUBLE SEND
[1678249139915521483] | 60,106,132 | 0 | INTERNAL
[1678249140081810093] | 60,106,133 | 0 | SEND
[1678249140248084875] | 60,106,134 | 0 | INTERNAL
[1678249140414633156] | 60,106,135 | 0 | INTERNAL
[1678249140580973869] | 60,106,136 | 0 | DOUBLE SEND
[1678249140747254238] | 60,106,137 | 0 | INTERNAL
[1678249140913847358] | 60,106,138 | 0 | INTERNAL
[1678249141080159365] | 60,106,139 | 0 | INTERNAL
[1678249141246753881] | 69,106,140 | 0 | RECEIVE
[1678249141413060232] | 69,116,141 | 0 | RECEIVE
[1678249141579571916] | 69,116,142 | 0 | INTERNAL
[1678249141745836990] | 69,116,143 | 0 | INTERNAL
[1678249141912449944] | 69,116,144 | 0 | INTERNAL
[1678249142078764745] | 69,116,145 | 0 | SEND
[1678249142245023044] | 69,116,146 | 0 | INTERNAL
[1678249142411350347] | 69,116,147 | 0 | DOUBLE SEND
[1678249142577659421] | 69,116,148 | 0 | INTERNAL
[1678249142744278382] | 69,116,149 | 0 | DOUBLE SEND
[1678249142910609246] | 69,116,150 | 0 | INTERNAL
[1678249143076857767] | 69,116,151 | 0 | INTERNAL
[1678249143243198549] | 69,116,152 | 0 | INTERNAL
[1678249143409478988] | 69,116,153 | 0 | INTERNAL
[1678249143576039142] | 76,118,154 | 0 | RECEIVE
[1678249143742588890] | 76,118,155 | 0 | INTERNAL
[1678249143908847399] | 76,118,156 | 0 | INTERNAL
[1678249144075182383] | 76,118,157 | 0 | SEND
[1678249144241499978] | 78,118,158 | 0 | RECEIVE
[1678249144407936443] | 78,118,159 | 0 | INTERNAL
[1678249144574255085] | 78,118,160 | 0 | INTERNAL
[1678249144740654254] | 78,118,161 | 0 | INTERNAL
[1678249144907278593] | 80,118,162 | 0 | RECEIVE
[1678249145073866614] | 80,118,163 | 0 | INTERNAL
[1678249145240087687] | 81,118,164 | 0 | RECEIVE
[1678249145406372665] | 81,118,165 | 0 | INTERNAL
[1678249145572955937] | 81,118,166 | 0 | SEND
[1678249145739536974] | 81,118,167 | 0 | INTERNAL
[1678249145905864555] | 81,118,168 | 0 | SEND
[1678249146072149534] | 81,118,169 | 0 | INTERNAL
[1678249146238746285] | 81,118,170 | 0 | DOUBLE SEND
[1678249146405301131] | 81,118,171 | 0 | INTERNAL
[1678249146571858421] | 81,118,172 | 0 | INTERNAL
[1678249146738427795] | 81,118,173 | 0 | INTERNAL
[1678249146904815859] | 81,118,174 | 0 | INTERNAL
[1678249147071303168] | 81,118,175 | 0 | INTERNAL
[1678249147237860529] | 86,145,176 | 0 | RECEIVE
[1678249147404152910] | 86,145,177 | 0 | SEND
[1678249147570635051] | 86,145,178 | 0 | DOUBLE SEND
[1678249147737232710] | 86,145,179 | 0 | INTERNAL
[1678249147903811581] | 86,145,180 | 0 | SEND
[1678249148070441856] | 86,145,181 | 0 | INTERNAL
[1678249148236651615] | 86,145,182 | 0 | INTERNAL
[1678249148403076346] | 86,145,183 | 0 | INTERNAL
[1678249148569679313] | 86,145,184 | 0 | INTERNAL
[1678249148736241213] | 86,145,185 | 0 | INTERNAL
[1678249148902522769] | 86,145,186 | 0 | INTERNAL
[1678249149069196625] | 86,145,187 | 0 | INTERNAL
[1678249149235741623] | 86,145,188 | 0 | SEND
[1678249149402299891] | 86,145,189 | 0 | INTERNAL
[1678249149568816743] | 86,145,190 | 0 | INTERNAL
[1678249149735290643] | 86,145,191 | 0 | INTERNAL
[1678249149901576249] | 86,145,192 | 0 | INTERNAL
[1678249150068144993] | 86,145,193 | 0 | INTERNAL
[1678249150234569934] | 86,160,194 | 0 | RECEIVE
[1678249150401042297] | 86,161,195 | 0 | RECEIVE
[1678249150567359332] | 86,161,196 | 0 | SEND
[1678249150733866616] | 86,162,197 | 0 | RECEIVE
[1678249150900423906] | 86,162,198 | 0 | INTERNAL
[1678249151066849265] | 86,164,199 | 0 | RECEIVE
[1678249151233138154] | 86,164,200 | 0 | INTERNAL
[1678249151399689578] | 86,164,201 | 0 | INTERNAL
[1678249151566003959] | 86,164,202 | 0 | SEND
[1678249151732563694] | 86,164,203 | 0 | INTERNAL
[1678249151899069022] | 86,164,204 | 0 | INTERNAL
[1678249152065346806] | 101,169,205 | 0 | RECEIVE
[1678249152231893340] | 101,169,206 | 0 | INTERNAL
[1678249152398437919] | 101,169,207 | 0 | INTERNAL
[1678249152564674706] | 101,169,208 | 0 | INTERNAL
[1678249152731275368] | 101,169,209 | 0 | DOUBLE SEND
[1678249152897815337] | 101,169,210 | 0 | INTERNAL
[1678249153064048562] | 101,169,211 | 0 | INTERNAL
[1678249153230577986] | 101,169,212 | 0 | INTERNAL
[1678249153397110552] | 101,176,213 | 0 | RECEIVE
[1678249153563669308] | 101,176,214 | 0 | INTERNAL
[1678249153730177570] | 101,176,215 | 0 | INTERNAL
[1678249153896760841] | 107,176,216 | 1 | RECEIVE
[1678249154063292429] | 107,178,217 | 1 | RECEIVE
[1678249154229759623] | 107,179,218 | 0 | RECEIVE
[1678249154396293796] | 107,181,219 | 0 | RECEIVE
[1678249154562886914] | 107,181,220 | 0 | DOUBLE SEND
[1678249154729550014] | 107,181,221 | 0 | INTERNAL
[1678249154896052968] | 107,181,222 | 0 | INTERNAL
[1678249155062569261] | 107,181,223 | 0 | SEND
[1678249155229120614] | 107,181,224 | 0 | INTERNAL
[1678249155395802431] | 107,186,225 | 0 | RECEIVE
[1678249155562084266] | 107,186,226 | 0 | INTERNAL
[1678249155728614876] | 107,186,227 | 0 | INTERNAL
[1678249155895117341] | 107,186,228 | 0 | INTERNAL
[1678249156061694326] | 107,186,229 | 0 | SEND
[1678249156228281787] | 107,186,230 | 0 | SEND
[1678249156394640168] | 107,186,231 | 0 | SEND
[1678249156560834631] | 107,186,232 | 0 | INTERNAL
[1678249156727172967] | 107,186,233 | 0 | INTERNAL
[1678249156893749673] | 107,186,234 | 0 | INTERNAL
[1678249157060417103] | 107,186,235 | 0 | DOUBLE SEND
[1678249157226938285] | 107,186,236 | 0 | INTERNAL
[1678249157393547536] | 107,186,237 | 0 | INTERNAL
[1678249157560105525] | 107,196,238 | 0 | RECEIVE
[1678249157726680624] | 107,197,239 | 0 | RECEIVE
[1678249157893225901] | 107,197,240 | 0 | INTERNAL
[1678249158059720403] | 107,197,241 | 0 | INTERNAL
[1678249158226218607] | 107,197,242 | 0 | INTERNAL
[1678249158392771706] | 107,197,243 | 0 | INTERNAL
[1678249158559043483] | 107,197,244 | 0 | INTERNAL
[1678249158725735288] | 107,197,245 | 0 | INTERNAL
[1678249158892578369] | 107,197,246 | 0 | INTERNAL
[1678249159059141456] | 107,197,247 | 0 | INTERNAL
[1678249159225838428] | 107,197,248 | 0 | INTERNAL
[1678249159392107412] | 107,197,249 | 0 | INTERNAL
[1678249159558647660] | 107,197,250 | 0 | INTERNAL
[1678249159724927120] | 107,197,251 | 0 | INTERNAL
[1678249159891494397] | 125,204,252 | 1 | RECEIVE
[1678249160057802701] | 125,208,253 | 0 | RECEIVE
[1678249160224449458] | 125,208,254 | 0 | INTERNAL
[1678249160390773825] | 125,208,255 | 0 | INTERNAL
[1678249160557302550] | 125,208,256 | 0 | SEND
[1678249160723873598] | 125,208,257 | 0 | INTERNAL
[1678249160890208582] | 125,213,258 | 0 | RECEIVE
[1678249161056513743] | 125,213,259 | 0 | DOUBLE SEND
[1678249161222802002] | 125,213,260 | 0 | INTERNAL
[1678249161389327374] | 125,213,261 | 0 | INTERNAL
[1678249161555912111] | 125,216,262 | 0 | RECEIVE
[1678249161722506137] | 125,216,263 | 0 | SEND
[1678249161888798308] | 125,216,264 | 0 | INTERNAL
[1678249162055150054] | 125,216,265 | 0 | DOUBLE SEND
[1678249162221632962] | 125,216,266 | 0 | INTERNAL
[1678249162387958167] | 125,216,267 | 0 | INTERNAL
[1678249162554301253] | 125,216,268 | 0 | SEND
[1678249162720630719] | 125,216,269 | 0 | SEND
[1678249162887223348] | 125,216,270 | 0 | INTERNAL
[1678249163053779729] | 125,216,271 | 0 | INTERNAL
[1678249163219995772] | 125,216,272 | 0 | INTERNAL
[1678249163386245549] | 125,216,273 | 0 | INTERNAL
[1678249163552822953] | 125,216,274 | 0 | SEND
[1678249163719418306] | 125,216,275 | 0 | INTERNAL
[1678249163885869436] | 125,216,276 | 0 | INTERNAL
[1678249164052133949] | 125,216,277 | 0 | INTERNAL
[1678249164218478570] | 125,216,278 | 0 | SEND
[1678249164384713820] | 125,216,279 | 0 | SEND
[1678249164550963457] | 139,228,280 | 0 | RECEIVE
[1678249164717338948] | 139,228,281 | 0 | INTERNAL
[1678249164884481720] | 140,228,282 | 0 | RECEIVE
[1678249165050746582] | 140,228,283 | 0 | INTERNAL
[1678249165217275027] | 140,235,284 | 0 | RECEIVE
[1678249165383477870] | 140,235,285 | 0 | INTERNAL
[1678249165550011063] | 142,235,286 | 0 | RECEIVE
[1678249165716502143] | 142,237,287 | 0 | RECEIVE
[1678249165883051679] | 142,237,288 | 0 | INTERNAL
[1678249166049681045] | 142,237,289 | 0 | INTERNAL
[1678249166215910498] | 142,237,290 | 0 | INTERNAL
[1678249166382479660] | 142,237,291 | 0 | SEND
[1678249166549039812] | 145,237,292 | 0 | RECEIVE
[1678249166715649482] | 145,237,293 | 0 | DOUBLE SEND
[1678249166882193851] | 145,237,294 | 0 | INTERNAL
[1678249167048684720] | 145,244,295 | 0 | RECEIVE
[1678249167215293972] | 145,244,296 | 0 | INTERNAL
[1678249167381837292] | 145,244,297 | 0 | INTERNAL
[1678249167548166199] | 145,244,298 | 0 | INTERNAL
[1678249167714461861] | 145,244,299 | 0 | INTERNAL
[1678249167880772540] | 145,244,300 | 0 | INTERNAL
[1678249168047270533] | 145,244,301 | 0 | INTERNAL
[1678249168213878737] | 145,244,302 | 0 | SEND
[1678249168380061744] | 145,244,303 | 0 | INTERNAL
[1678249168546587116] | 145,244,304 | 0 | INTERNAL
[1678249168713096423] | 145,244,305 | 0 | INTERNAL
[1678249168879640791] | 152,249,306 | 0 | RECEIVE
[1678249169046153033] | 152,254,307 | 0 | RECEIVE
[1678249169212535228] | 152,254,308 | 0 | SEND
[1678249169378863367] | 152,254,309 | 0 | INTERNAL
[1678249169545074660] | 152,254,310 | 0 | INTERNAL
[1678249169711746978] | 152,254,311 | 0 | INTERNAL
[1678249169878062476] | 152,254,312 | 0 | INTERNAL
[1678249170044306385] | 152,254,313 | 0 | INTERNAL
[1678249170210873591] | 152,254,314 | 0 | INTERNAL
[1678249170377155145] | 152,254,315 | 0 | INTERNAL
[1678249170543489919] | 156,261,316 | 0 | RECEIVE
[1678249170709980579] | 156,261,317 | 0 | INTERNAL
[1678249170876210380] | 156,261,318 | 0 | INTERNAL
[1678249171042444162] | 156,261,319 | 0 | INTERNAL
[1678249171208974981] | 156,261,320 | 0 | INTERNAL
[1678249171375535203] | 156,261,321 | 0 | INTERNAL
[1678249171541771081] | 156,261,322 | 0 | INTERNAL
[1678249171708068838] | 156,261,323 | 0 | DOUBLE SEND
[1678249171874329370] | 156,261,324 | 0 | INTERNAL
[1678249172040558333] | 156,261,325 | 0 | INTERNAL
[1678249172206840725] | 156,261,326 | 0 | SEND
[1678249172373442014] | 156,261,327 | 0 | INTERNAL
[1678249172539741657] | 156,261,328 | 0 | INTERNAL
[1678249172706280856] | 156,272,329 | 0 | RECEIVE
[1678249172872836329] | 156,272,330 | 0 | INTERNAL
[1678249173039075768] | 156,272,331 | 0 | INTERNAL
[1678249173205366821] | 156,272,332 | 0 | INTERNAL
[1678249173371941360] | 156,272,333 | 0 | SEND
[1678249173538566674] | 156,272,334 | 0 | DOUBLE SEND
[1678249173705084852] | 156,272,335 | 0 | INTERNAL
[1678249173871553022] | 156,278,336 | 0 | RECEIVE
[1678249174038069872] | 156,279,337 | 0 | RECEIVE
[1678249174204670253] | 156,279,338 | 0 | INTERNAL
[1678249174371223142] | 156,279,339 | 0 | INTERNAL
[1678249174537857395] | 156,279,340 | 0 | SEND
[1678249174704117647] | 156,279,341 | 0 | INTERNAL
[1678249174870636453] | 156,279,342 | 0 | SEND
[1678249175036872889] | 156,279,343 | 0 | SEND
[1678249175203234831] | 156,279,344 | 0 | SEND
[1678249175369600753] | 156,279,345 | 0 | INTERNAL
[1678249175536203508] | 172,279,346 | 0 | RECEIVE
[1678249175702770784] | 172,279,347 | 0 | INTERNAL
[1678249175869073151] | 172,288,348 | 0 | RECEIVE
[1678249176035315453] | 172,288,349 | 0 | SEND
[1678249176201595331] | 172,288,350 | 0 | INTERNAL
[1678249176367856071] | 172,288,351 | 0 | INTERNAL
[1678249176534063663] | 172,288,352 | 0 | INTERNAL
[1678249176700605795] | 172,288,353 | 0 | INTERNAL
[1678249176866865349] | 172,288,354 | 0 | INTERNAL
[1678249177033401615] | 172,288,355 | 0 | DOUBLE SEND
[1678249177199722489] | 172,288,356 | 0 | SEND
[1678249177366311276] | 172,288,357 | 0 | SEND
[1678249177532605331] | 172,288,358 | 0 | INTERNAL
[1678249177699152423] | 172,297,359 | 0 | RECEIVE
[1678249177865706289] | 172,297,360 | 0 | INTERNAL
[1678249178032247932] | 172,297,361 | 0 | INTERNAL
[1678249178198530045] | 172,297,362 | 0 | INTERNAL
[1678249178365063587] | 172,300,363 | 0 | RECEIVE
[1678249178531860990] | 172,300,364 | 0 | INTERNAL
[1678249178698174252] | 172,300,365 | 0 | SEND
