Process 1 running at 5Hz
[1678249118111127024] | 0,1,0 | 0 | SEND
[1678249118311405034] | 0,2,0 | 0 | INTERNAL
[1678249118511797094] | 0,3,0 | 0 | SEND
[1678249118712038157] | 0,4,0 | 0 | INTERNAL
[1678249118912303944] | 0,5,0 | 0 | INTERNAL
[1678249119112565750] | 0,6,0 | 0 | INTERNAL
[1678249119312807931] | 0,7,0 | 0 | INTERNAL
[1678249119513377878] | 0,8,0 | 0 | SEND
[1678249119713707780] | 0,9,0 | 0 | INTERNAL
[1678249119913973147] | 0,10,0 | 0 | INTERNAL
[1678249120114484567] | 0,11,11 | 0 | RECEIVE
[1678249120315079797] | 0,12,11 | 0 | DOUBLE SEND
[1678249120515666785] | 0,13,11 | 0 | SEND
[1678249120716237780] | 0,14,11 | 0 | INTERNAL
[1678249120917302206] | 0,15,11 | 0 | INTERNAL
[1678249121117610805] | 0,16,17 | 0 | RECEIVE
[1678249121318208829] | 0,17,17 | 0 | SEND
[1678249121518799798] | 0,18,17 | 0 | DOUBLE SEND
[1678249121719095896] | 0,19,17 | 0 | INTERNAL
[1678249121919328857] | 0,20,22 | 0 | RECEIVE
[1678249122119898874] | 0,21,22 | 0 | SEND
[1678249122320258667] | 0,22,22 | 0 | DOUBLE SEND
[1678249122520566149] | 0,23,22 | 0 | INTERNAL
[1678249122721071143] | 0,24,22 | 0 | INTERNAL
[1678249122921379603] | 0,25,22 | 0 | SEND
[1678249123121957652] | 0,26,30 | 0 | RECEIVE
[1678249123322520405] | 0,27,30 | 0 | INTERNAL
[1678249123523095171] | 0,28,30 | 0 | INTERNAL
[1678249123723675663] | 0,29,30 | 0 | INTERNAL
[1678249123924263629] | 0,30,34 | 0 | RECEIVE
[1678249124124810179] | 0,31,35 | 0 | RECEIVE
[1678249124325409948] | 0,32,37 | 0 | RECEIVE
[1678249124525727557] | 0,33,37 | 0 | INTERNAL
[1678249124726297085] | 0,34,37 | 0 | INTERNAL
[1678249124926848872] | 0,35,37 | 0 | INTERNAL
[1678249125127117383] | 0,36,37 | 0 | INTERNAL
[1678249125327430172] | 0,37,43 | 0 | RECEIVE
[1678249125527733464] | 0,38,43 | 0 | INTERNAL
[1678249125728150247] | 0,39,43 | 0 | SEND
[1678249125928733534] | 0,40,43 | 0 | SEND
[1678249126129044996] | 0,41,47 | 0 | RECEIVE
[1678249126329567171] | 0,42,47 | 0 | INTERNAL
[1678249126529843853] | 0,43,47 | 0 | INTERNAL
[1678249126730204414] | 0,44,47 | 0 | INTERNAL
[1678249126930775129] | 0,45,47 | 0 | INTERNAL
[1678249127131115087] | 0,46,47 | 0 | SEND
[1678249127331362295] | 0,47,47 | 0 | INTERNAL
[1678249127531693453] | 0,48,47 | 0 | SEND
[1678249127731901410] | 0,49,47 | 0 | INTERNAL
[1678249127932289140] | 0,50,58 | 0 | RECEIVE
[1678249128132603675] | 0,51,59 | 0 | RECEIVE
[1678249128333215387] | 0,52,59 | 0 | SEND
[1678249128533722196] | 0,53,59 | 0 | INTERNAL
[1678249128733997970] | 0,54,59 | 0 | INTERNAL
[1678249128934550455] | 0,55,65 | 0 | RECEIVE
[1678249129135094630] | 0,56,65 | 0 | INTERNAL
[1678249129335587750] | 0,57,65 | 0 | INTERNAL
[1678249129536132833] | 0,58,65 | 0 | INTERNAL
[1678249129736554156] | 0,59,65 | 0 | INTERNAL
[1678249129937123963] | 0,60,65 | 0 | INTERNAL
[1678249130137415031] | 0,61,65 | 0 | INTERNAL
[1678249130337774335] | 0,62,65 | 0 | SEND
[1678249130538331290] | 0,63,65 | 0 | INTERNAL
[1678249130738673413] | 0,64,65 | 0 | SEND
[1678249130938993396] | 0,65,65 | 0 | INTERNAL
[1678249131139537501] | 0,66,65 | 0 | INTERNAL
[1678249131340090126] | 0,67,65 | 0 | INTERNAL
[1678249131540630040] | 0,68,65 | 0 | SEND
[1678249131740837019] | 0,69,65 | 0 | INTERNAL
[1678249131941390203] | 0,70,65 | 0 | INTERNAL
[1678249132141709906] | 40,71,84 | 0 | RECEIVE
[1678249132342250868] | 40,72,84 | 0 | INTERNAL
[1678249132542752299] | 43,73,84 | 0 | RECEIVE
[1678249132743069907] | 43,74,84 | 0 | INTERNAL
[1678249132943324937] | 43,75,84 | 0 | INTERNAL
[1678249133143911994] | 43,76,84 | 0 | DOUBLE SEND
[1678249133344436962] | 43,77,84 | 0 | INTERNAL
[1678249133545017454] | 43,78,84 | 0 | INTERNAL
[1678249133745609749] | 43,79,84 | 0 | SEND
[1678249133946251702] | 43,80,84 | 0 | INTERNAL
[1678249134146521189] | 45,81,96 | 0 | RECEIVE
[1678249134347093439] | 45,82,96 | 0 | SEND
[1678249134547609397] | 45,83,98 | 0 | RECEIVE
[1678249134747897322] | 45,84,99 | 0 | RECEIVE
[1678249134948469643] | 45,85,99 | 0 | SEND
[1678249135148721879] | 51,86,99 | 0 | RECEIVE
[1678249135349304745] | 51,87,99 | 0 | SEND
[1678249135549944812] | 51,88,99 | 0 | SEND
[1678249135750478998] | 51,89,99 | 0 | INTERNAL
[1678249135951035045] | 51,90,106 | 0 | RECEIVE
[1678249136151217579] | 51,91,106 | 0 | INTERNAL
[1678249136351700013] | 51,92,106 | 0 | INTERNAL
[1678249136551897214] | 51,93,110 | 0 | RECEIVE
[1678249136752501103] | 51,94,110 | 0 | DOUBLE SEND
[1678249136952851885] | 51,95,110 | 0 | SEND
[1678249137153023873] | 51,96,110 | 0 | INTERNAL
[1678249137353615539] | 51,97,110 | 0 | INTERNAL
[1678249137553927699] | 51,98,110 | 0 | INTERNAL
[1678249137754550095] | 51,99,117 | 0 | RECEIVE
[1678249137955118085] | 51,100,117 | 0 | SEND
[1678249138155365432] | 51,101,117 | 0 | INTERNAL
[1678249138355780329] | 51,102,117 | 0 | INTERNAL
[1678249138556358516] | 51,103,117 | 0 | SEND
[1678249138757032874] | 51,104,117 | 0 | INTERNAL
[1678249138957593810] | 51,105,117 | 0 | INTERNAL
[1678249139158084066] | 60,106,126 | 0 | RECEIVE
[1678249139358390568] | 60,107,126 | 0 | DOUBLE SEND
[1678249139558664106] | 60,108,126 | 0 | INTERNAL
[1678249139759169378] | 60,109,130 | 0 | RECEIVE
[1678249139959425385] | 60,110,130 | 0 | INTERNAL
[1678249140159688795] | 60,111,130 | 0 | INTERNAL
[1678249140359937119] | 60,112,130 | 0 | INTERNAL
[1678249140560192847] | 60,113,130 | 0 | INTERNAL
[1678249140760720887] | 60,114,135 | 0 | RECEIVE
[1678249140961003714] | 60,115,135 | 0 | INTERNAL
[1678249141161266914] | 60,116,135 | 0 | SEND
[1678249141361531512] | 60,117,135 | 0 | SEND
[1678249141562070237] | 60,118,135 | 0 | INTERNAL
[1678249141762396295] | 60,119,135 | 0 | SEND
[1678249141962949129] | 60,120,135 | 0 | INTERNAL
[1678249142163445810] | 69,121,144 | 0 | RECEIVE
[1678249142363866504] | 69,122,144 | 0 | INTERNAL
[1678249142564162530] | 69,123,146 | 0 | RECEIVE
[1678249142764370695] | 69,124,148 | 0 | RECEIVE
[1678249142964620905] | 69,125,148 | 0 | INTERNAL
[1678249143165169758] | 69,126,148 | 0 | INTERNAL
[1678249143365740890] | 69,127,148 | 0 | INTERNAL
[1678249143566226047] | 76,128,148 | 0 | RECEIVE
[1678249143766642550] | 76,129,148 | 0 | INTERNAL
[1678249143966971052] | 76,130,148 | 0 | INTERNAL
[1678249144167265192] | 76,131,156 | 1 | RECEIVE
[1678249144367964414] | 78,132,156 | 0 | RECEIVE
[1678249144568258065] | 79,133,156 | 0 | RECEIVE
[1678249144768569526] | 79,134,156 | 0 | INTERNAL
[1678249144969113280] | 80,135,156 | 0 | RECEIVE
[1678249145169727504] | 81,136,156 | 0 | RECEIVE
[1678249145370267347] | 81,137,156 | 0 | INTERNAL
[1678249145571219814] | 81,138,156 | 0 | INTERNAL
[1678249145771841861] | 81,139,156 | 0 | INTERNAL
[1678249145972461463] | 81,140,167 | 0 | RECEIVE
[1678249146172757698] | 81,141,167 | 0 | INTERNAL
[1678249146373012727] | 81,142,169 | 0 | RECEIVE
[1678249146573295133] | 81,143,169 | 0 | INTERNAL
[1678249146773606943] | 81,144,169 | 0 | INTERNAL
[1678249146973916937] | 86,145,169 | 0 | RECEIVE
[1678249147174416341] | 86,146,169 | 0 | DOUBLE SEND
[1678249147374682335] | 86,147,169 | 0 | INTERNAL
[1678249147574915014] | 86,148,177 | 0 | RECEIVE
[1678249147775143084] | 86,149,177 | 0 | INTERNAL
[1678249147975894128] | 86,150,177 | 0 | INTERNAL
[1678249148176440675] | 86,151,177 | 0 | INTERNAL
[1678249148376941895] | 86,152,177 | 0 | INTERNAL
[1678249148577478944] | 86,153,177 | 0 | INTERNAL
[1678249148778037365] | 86,154,177 | 0 | INTERNAL
[1678249148978726529] | 86,155,177 | 0 | INTERNAL
[1678249149179217133] | 86,156,177 | 0 | INTERNAL
[1678249149379487387] | 86,157,187 | 0 | RECEIVE
[1678249149579836212] | 86,158,187 | 0 | INTERNAL
[1678249149780095012] | 86,159,187 | 0 | INTERNAL
[1678249149980666423] | 86,160,187 | 0 | INTERNAL
[1678249150181193624] | 86,161,187 | 0 | SEND
[1678249150381870636] | 86,162,187 | 0 | SEND
[1678249150582210033] | 86,163,187 | 0 | DOUBLE SEND
[1678249150782447670] | 86,164,187 | 0 | INTERNAL
[1678249150982993240] | 86,165,187 | 0 | DOUBLE SEND
[1678249151183323487] | 86,166,187 | 0 | INTERNAL
[1678249151383950282] | 86,167,187 | 0 | INTERNAL
[1678249151584236460] | 86,168,201 | 0 | RECEIVE
[1678249151784481571] | 101,169,201 | 0 | RECEIVE
[1678249151985187915] | 101,170,201 | 0 | DOUBLE SEND
[1678249152185846558] | 101,171,201 | 0 | INTERNAL
[1678249152386267111] | 101,172,201 | 0 | INTERNAL
[1678249152586858357] | 101,173,201 | 0 | INTERNAL
[1678249152787149213] | 101,174,208 | 0 | RECEIVE
[1678249152987712662] | 101,175,208 | 0 | INTERNAL
[1678249153187934795] | 101,176,208 | 0 | INTERNAL
[1678249153388266928] | 101,177,208 | 0 | SEND
[1678249153588795456] | 101,178,208 | 0 | INTERNAL
[1678249153789352479] | 101,179,208 | 0 | SEND
[1678249153989676510] | 101,180,208 | 0 | DOUBLE SEND
[1678249154189977634] | 101,181,208 | 0 | INTERNAL
[1678249154390501831] | 101,182,208 | 0 | DOUBLE SEND
[1678249154591043559] | 107,183,219 | 0 | RECEIVE
[1678249154791506086] | 107,184,219 | 0 | INTERNAL
[1678249154992039992] | 107,185,219 | 0 | INTERNAL
[1678249155192599319] | 107,186,222 | 0 | RECEIVE
[1678249155393194546] | 107,187,222 | 0 | DOUBLE SEND
[1678249155593766864] | 107,188,222 | 0 | INTERNAL
[1678249155793950653] | 107,189,222 | 0 | INTERNAL
[1678249155994219859] | 107,190,222 | 0 | INTERNAL
[1678249156194524824] | 107,191,222 | 0 | INTERNAL
[1678249156394833420] | 107,192,222 | 0 | SEND
[1678249156595042282] | 107,193,222 | 0 | INTERNAL
[1678249156795292142] | 107,194,222 | 0 | INTERNAL
[1678249156995890720] | 107,195,222 | 0 | SEND
[1678249157196437197] | 107,196,234 | 0 | RECEIVE
[1678249157397017477] | 107,197,234 | 0 | SEND
[1678249157597587002] | 107,198,234 | 0 | SEND
[1678249157797887845] | 107,199,234 | 0 | SEND
[1678249157998418398] | 107,200,234 | 0 | INTERNAL
[1678249158198950487] | 107,201,234 | 0 | INTERNAL
[1678249158399492075] | 107,202,234 | 0 | INTERNAL
[1678249158600034012] | 107,203,234 | 0 | INTERNAL
[1678249158800313135] | 122,204,234 | 0 | RECEIVE
[1678249159000764976] | 122,205,234 | 0 | SEND
[1678249159201054296] | 122,206,234 | 0 | INTERNAL
[1678249159401540429] | 122,207,234 | 0 | INTERNAL
[1678249159602033896] | 124,208,234 | 0 | RECEIVE
[1678249159802240872] | 124,209,234 | 0 | SEND
[1678249160002537944] | 124,210,234 | 0 | INTERNAL
[1678249160203075551] | 124,211,234 | 0 | INTERNAL
[1678249160403362077] | 124,212,234 | 0 | INTERNAL
[1678249160603918401] | 125,213,255 | 0 | RECEIVE
[1678249160804333924] | 125,214,255 | 0 | DOUBLE SEND
[1678249161004877677] | 125,215,255 | 0 | INTERNAL
[1678249161205598408] | 125,216,258 | 0 | RECEIVE
[1678249161406168211] | 125,217,258 | 0 | SEND
[1678249161606352070] | 125,218,258 | 0 | INTERNAL
[1678249161806976490] | 125,219,258 | 0 | INTERNAL
[1678249162007303593] | 125,220,258 | 0 | INTERNAL
[1678249162207579713] | 125,221,264 | 0 | RECEIVE
[1678249162408293320] | 125,222,264 | 0 | INTERNAL
[1678249162608540176] | 125,223,267 | 0 | RECEIVE
[1678249162808782352] | 125,224,268 | 1 | RECEIVE
[1678249163009047157] | 134,225,268 | 0 | RECEIVE
[1678249163209584135] | 134,226,268 | 0 | INTERNAL
[1678249163410069150] | 134,227,268 | 0 | INTERNAL
[1678249163610657322] | 134,228,268 | 0 | INTERNAL
[1678249163811264071] | 134,229,268 | 0 | SEND
[1678249164011508762] | 134,230,268 | 0 | INTERNAL
[1678249164211813097] | 134,231,268 | 0 | INTERNAL
[1678249164412082022] | 134,232,277 | 1 | RECEIVE
[1678249164612654200] | 134,233,278 | 1 | RECEIVE
[1678249164813218905] | 139,234,278 | 1 | RECEIVE
[1678249165013637990] | 140,235,278 | 0 | RECEIVE
[1678249165213987722] | 140,236,278 | 0 | SEND
[1678249165414615843] | 140,237,278 | 0 | INTERNAL
[1678249165615144579] | 140,238,278 | 0 | DOUBLE SEND
[1678249165815643493] | 140,239,278 | 0 | INTERNAL
[1678249166016320782] | 140,240,278 | 0 | INTERNAL
[1678249166216557021] | 140,241,278 | 0 | INTERNAL
[1678249166417085059] | 142,242,290 | 0 | RECEIVE
[1678249166617664500] | 142,243,290 | 0 | INTERNAL
[1678249166818313643] | 145,244,292 | 0 | RECEIVE
[1678249167018924513] | 145,245,292 | 0 | DOUBLE SEND
[1678249167219470709] | 145,246,292 | 0 | INTERNAL
[1678249167420122157] | 145,247,292 | 0 | INTERNAL
[1678249167620670099] | 145,248,292 | 0 | SEND
[1678249167821003977] | 145,249,292 | 0 | SEND
[1678249168021540396] | 145,250,292 | 0 | SEND
[1678249168222037703] | 145,251,301 | 0 | RECEIVE
[1678249168422356705] | 145,252,301 | 0 | INTERNAL
[1678249168622902412] | 145,253,301 | 0 | INTERNAL
[1678249168823417948] | 152,254,301 | 0 | RECEIVE
[1678249169023735343] | 152,255,301 | 0 | DOUBLE SEND
[1678249169224132427] | 152,256,307 | 0 | RECEIVE
[1678249169424376908] | 152,257,307 | 0 | INTERNAL
[1678249169624896215] | 152,258,307 | 0 | INTERNAL
[1678249169825241267] | 152,259,307 | 0 | INTERNAL
[1678249170025812746] | 152,260,307 | 0 | INTERNAL
[1678249170226472295] | 156,261,307 | 0 | RECEIVE
[1678249170427113267] | 156,262,307 | 0 | SEND
[1678249170627391201] | 156,263,307 | 0 | INTERNAL
[1678249170827971131] | 156,264,307 | 0 | SEND
[1678249171028542540] | 156,265,307 | 0 | SEND
[1678249171229090132] | 156,266,307 | 0 | INTERNAL
[1678249171429656792] | 156,267,307 | 0 | INTERNAL
[1678249171630233998] | 156,268,307 | 0 | INTERNAL
[1678249171830815045] | 156,269,322 | 0 | RECEIVE
[1678249172031159399] | 156,270,322 | 0 | SEND
[1678249172231869513] | 156,271,325 | 0 | RECEIVE
[1678249172432384001] | 156,272,325 | 0 | INTERNAL
[1678249172632910292] | 156,273,325 | 0 | SEND
[1678249172833168042] | 156,274,325 | 0 | INTERNAL
[1678249173033517564] | 156,275,325 | 0 | INTERNAL
[1678249173233956273] | 156,276,325 | 0 | INTERNAL
[1678249173434590190] | 156,277,325 | 0 | INTERNAL
[1678249173635136665] | 156,278,333 | 0 | RECEIVE
[1678249173835728468] | 156,279,333 | 0 | DOUBLE SEND
[1678249174036058574] | 156,280,333 | 0 | SEND
[1678249174236426673] | 156,281,333 | 0 | INTERNAL
[1678249174436982228] | 156,282,333 | 0 | INTERNAL
[1678249174637530659] | 156,283,333 | 0 | INTERNAL
[1678249174838082931] | 156,284,333 | 0 | INTERNAL
[1678249175038247791] | 156,285,341 | 1 | RECEIVE
[1678249175238781066] | 156,286,342 | 1 | RECEIVE
[1678249175439053902] | 156,287,343 | 0 | RECEIVE
[1678249175639393227] | 172,288,343 | 0 | RECEIVE
[1678249175839662430] | 172,289,343 | 0 | DOUBLE SEND
[1678249176039881628] | 172,290,348 | 0 | RECEIVE
[1678249176240061225] | 172,291,348 | 0 | INTERNAL
[1678249176440303679] | 172,292,348 | 0 | INTERNAL
[1678249176640564851] | 172,293,348 | 0 | SEND
[1678249176841003560] | 172,294,348 | 0 | INTERNAL
[1678249177041210745] | 172,295,354 | 0 | RECEIVE
[1678249177241744299] | 172,296,354 | 0 | INTERNAL
[1678249177442327022] | 172,297,354 | 0 | SEND
[1678249177642653635] | 172,298,354 | 0 | SEND
[1678249177843251932] | 172,299,354 | 0 | INTERNAL
[1678249178043540762] | 172,300,354 | 0 | INTERNAL
[1678249178243932188] | 172,301,354 | 0 | SEND
[1678249178444540263] | 172,302,354 | 0 | INTERNAL
[1678249178644915486] | 181,303,356 | 0 | RECEIVE
