Process 2 running at 2Hz
[1678249032264280542] | 0,0,1 | 0 | INTERNAL
[1678249032764809261] | 0,0,2 | 0 | INTERNAL
[1678249033265035146] | 0,0,3 | 0 | INTERNAL
[1678249033765545497] | 0,0,4 | 0 | INTERNAL
[1678249034265792893] | 0,0,5 | 0 | INTERNAL
[1678249034766283059] | 0,0,6 | 0 | INTERNAL
[1678249035266756603] | 0,0,7 | 0 | INTERNAL
[1678249035767010145] | 0,0,8 | 0 | INTERNAL
[1678249036267551783] | 0,0,9 | 0 | INTERNAL
[1678249036767831795] | 0,0,10 | 0 | INTERNAL
[1678249037268411148] | 0,0,11 | 0 | SEND
[1678249037768952856] | 0,0,12 | 0 | INTERNAL
[1678249038269251655] | 2,6,13 | 0 | RECEIVE
[1678249038769749223] | 2,6,14 | 0 | INTERNAL
[1678249039270118422] | 2,6,15 | 0 | SEND
[1678249039770664878] | 2,6,16 | 0 | INTERNAL
[1678249040271289697] | 2,6,17 | 0 | DOUBLE SEND
[1678249040771813665] | 2,6,18 | 0 | INTERNAL
[1678249041272115326] | 2,6,19 | 0 | INTERNAL
[1678249041772671909] | 2,6,20 | 0 | DOUBLE SEND
[1678249042272951850] | 2,6,21 | 0 | INTERNAL
[1678249042773536090] | 2,6,22 | 0 | SEND
[1678249043273820989] | 2,6,23 | 0 | INTERNAL
[1678249043774128376] | 2,6,24 | 0 | INTERNAL
[1678249044274420958] | 2,6,25 | 0 | INTERNAL
[1678249044774935495] | 2,6,26 | 0 | INTERNAL
[1678249045275243371] | 2,13,27 | 0 | RECEIVE
[1678249045775772436] | 2,13,28 | 0 | INTERNAL
[1678249046276050000] | 2,13,29 | 0 | INTERNAL
[1678249046776475280] | 2,13,30 | 0 | SEND
[1678249047277055119] | 2,13,31 | 0 | INTERNAL
[1678249047777261863] | 2,13,32 | 0 | INTERNAL
[1678249048277541173] | 2,13,33 | 0 | INTERNAL
[1678249048777823137] | 2,13,34 | 0 | INTERNAL
[1678249049278095254] | 2,13,35 | 0 | INTERNAL
[1678249049778364925] | 2,13,36 | 0 | INTERNAL
[1678249050278733003] | 2,13,37 | 0 | INTERNAL
[1678249050779333374] | 2,13,38 | 0 | INTERNAL
[1678249051279891701] | 2,13,39 | 0 | INTERNAL
[1678249051780567012] | 2,13,40 | 0 | SEND
[1678249052281124849] | 2,13,41 | 0 | INTERNAL
[1678249052781755741] | 2,13,42 | 0 | SEND
[1678249053282133875] | 2,21,43 | 0 | RECEIVE
[1678249053782446009] | 2,21,44 | 0 | INTERNAL
[1678249054283011249] | 2,21,45 | 0 | INTERNAL
[1678249054783621956] | 2,21,46 | 0 | SEND
[1678249055283795384] | 2,21,47 | 0 | INTERNAL
[1678249055784051435] | 2,21,48 | 0 | INTERNAL
[1678249056284290793] | 2,21,49 | 0 | INTERNAL
[1678249056784519745] | 2,21,50 | 0 | INTERNAL
[1678249057284774189] | 2,21,51 | 0 | INTERNAL
[1678249057785369250] | 2,21,52 | 0 | SEND
[1678249058286010546] | 26,21,53 | 0 | RECEIVE
[1678249058786586820] | 26,21,54 | 0 | INTERNAL
[1678249059287188097] | 26,21,55 | 0 | SEND
[1678249059787698719] | 26,21,56 | 0 | INTERNAL
[1678249060287971391] | 26,21,57 | 0 | INTERNAL
[1678249060788592083] | 26,21,58 | 0 | INTERNAL
[1678249061288852323] | 26,29,59 | 0 | RECEIVE
[1678249061789160753] | 26,29,60 | 0 | INTERNAL
[1678249062289725362] | 30,29,61 | 0 | RECEIVE
[1678249062790317069] | 30,29,62 | 0 | INTERNAL
[1678249063290587016] | 30,29,63 | 0 | INTERNAL
[1678249063790945034] | 30,29,64 | 0 | INTERNAL
[1678249064291344676] | 30,32,65 | 0 | RECEIVE
[1678249064791799354] | 30,32,66 | 0 | INTERNAL
[1678249065292051630] | 30,33,67 | 1 | RECEIVE
[1678249065792600384] | 33,33,68 | 0 | RECEIVE
[1678249066293003658] | 33,33,69 | 0 | INTERNAL
[1678249066793534463] | 33,33,70 | 0 | INTERNAL
[1678249067293901209] | 33,33,71 | 0 | INTERNAL
[1678249067794199161] | 33,33,72 | 0 | SEND
[1678249068294485031] | 33,33,73 | 0 | INTERNAL
[1678249068794967574] | 33,33,74 | 0 | INTERNAL
[1678249069295520308] | 33,33,75 | 0 | INTERNAL
[1678249069796059982] | 33,33,76 | 0 | INTERNAL
[1678249070296616138] | 33,33,77 | 0 | INTERNAL
[1678249070797181024] | 33,33,78 | 0 | DOUBLE SEND
[1678249071297469896] | 33,33,79 | 0 | INTERNAL
[1678249071798027797] | 33,33,80 | 0 | SEND
[1678249072298331615] | 33,33,81 | 0 | INTERNAL
[1678249072798870520] | 33,33,82 | 0 | INTERNAL
[1678249073299354948] | 33,33,83 | 0 | INTERNAL
[1678249073799896156] | 33,33,84 | 0 | INTERNAL
[1678249074300471657] | 33,33,85 | 0 | INTERNAL
[1678249074800666033] | 33,33,86 | 0 | INTERNAL
[1678249075301235806] | 43,33,87 | 0 | RECEIVE
[1678249075801550030] | 43,33,88 | 0 | INTERNAL
[1678249076301865091] | 43,33,89 | 0 | INTERNAL
[1678249076802125047] | 43,33,90 | 0 | INTERNAL
[1678249077302438152] | 43,33,91 | 0 | DOUBLE SEND
[1678249077803003176] | 43,33,92 | 0 | INTERNAL
[1678249078303594460] | 43,33,93 | 0 | INTERNAL
[1678249078803948422] | 43,33,94 | 0 | DOUBLE SEND
[1678249079304260898] | 43,33,95 | 0 | INTERNAL
[1678249079804803083] | 43,33,96 | 0 | INTERNAL
[1678249080305085737] | 43,33,97 | 0 | INTERNAL
[1678249080805658373] | 43,33,98 | 0 | INTERNAL
[1678249081306203840] | 49,33,99 | 0 | RECEIVE
[1678249081806860425] | 49,33,100 | 0 | DOUBLE SEND
[1678249082307144335] | 49,33,101 | 0 | INTERNAL
[1678249082807403591] | 49,33,102 | 0 | INTERNAL
[1678249083307961839] | 49,33,103 | 0 | INTERNAL
[1678249083808269844] | 49,33,104 | 0 | INTERNAL
[1678249084308813914] | 52,33,105 | 0 | RECEIVE
[1678249084809327951] | 52,33,106 | 0 | INTERNAL
[1678249085309632883] | 52,33,107 | 0 | INTERNAL
[1678249085810210755] | 52,33,108 | 0 | INTERNAL
[1678249086310592373] | 52,33,109 | 0 | SEND
[1678249086810902822] | 52,33,110 | 0 | INTERNAL
[1678249087311482160] | 52,33,111 | 0 | SEND
[1678249087811798056] | 52,33,112 | 0 | INTERNAL
[1678249088312296449] | 52,33,113 | 0 | SEND
[1678249088812595652] | 52,33,114 | 0 | SEND
[1678249089312827738] | 52,33,115 | 0 | INTERNAL
[1678249089813107316] | 52,33,116 | 0 | INTERNAL
[1678249090313709632] | 52,58,117 | 0 | RECEIVE
[1678249090814115623] | 52,58,118 | 0 | SEND
[1678249091314400159] | 52,59,119 | 0 | RECEIVE
[1678249091814927185] | 52,59,120 | 0 | SEND
[1678249092315468739] | 52,59,121 | 0 | INTERNAL
[1678249092815846373] | 52,59,122 | 0 | INTERNAL
[1678249093316144179] | 52,59,123 | 0 | SEND
[1678249093816712621] | 52,59,124 | 0 | INTERNAL
