Running process at 1Hz
[1678249201806916889] | 0,0,1 | 0 | SEND
[1678249202807073843] | 0,3,2 | 2 | RECEIVE
[1678249203807346943] | 0,4,3 | 3 | RECEIVE
[1678249204807621719] | 3,4,4 | 4 | RECEIVE
[1678249205808112026] | 3,8,5 | 3 | RECEIVE
[1678249206808505183] | 3,11,6 | 4 | RECEIVE
[1678249207808751113] | 3,13,7 | 6 | RECEIVE
[1678249208809621078] | 11,13,8 | 6 | RECEIVE
[1678249209810185974] | 17,13,9 | 6 | RECEIVE
[1678249210810747866] | 19,13,10 | 6 | RECEIVE
[1678249211811026062] | 19,31,11 | 5 | RECEIVE
[1678249212811281837] | 21,31,12 | 7 | RECEIVE
[1678249213811575537] | 23,31,13 | 10 | RECEIVE
[1678249214811866442] | 24,31,14 | 10 | RECEIVE
[1678249215812113906] | 31,45,15 | 12 | RECEIVE
[1678249216812791733] | 32,45,16 | 12 | RECEIVE
[1678249217813077049] | 32,62,17 | 14 | RECEIVE
[1678249218813377801] | 32,63,18 | 14 | RECEIVE
[1678249219813683999] | 32,66,19 | 17 | RECEIVE
[1678249220814002140] | 32,68,20 | 16 | RECEIVE
[1678249221814267900] | 47,68,21 | 17 | RECEIVE
[1678249222814819031] | 47,71,22 | 18 | RECEIVE
[1678249223815392373] | 47,72,23 | 20 | RECEIVE
[1678249224815877922] | 47,75,24 | 20 | RECEIVE
[1678249225816403072] | 52,75,25 | 23 | RECEIVE
[1678249226816994850] | 53,75,26 | 25 | RECEIVE
[1678249227817296296] | 53,83,27 | 24 | RECEIVE
[1678249228817583005] | 58,83,28 | 27 | RECEIVE
[1678249229818117791] | 60,88,29 | 28 | RECEIVE
[1678249230818390880] | 61,88,30 | 28 | RECEIVE
[1678249231818938865] | 63,88,31 | 28 | RECEIVE
[1678249232819638267] | 64,88,32 | 28 | RECEIVE
[1678249233820155242] | 64,103,33 | 30 | RECEIVE
[1678249234820636178] | 69,103,34 | 31 | RECEIVE
[1678249235820939087] | 71,103,35 | 32 | RECEIVE
[1678249236821648824] | 71,107,36 | 32 | RECEIVE
[1678249237821900399] | 71,117,37 | 33 | RECEIVE
[1678249238822470312] | 79,117,38 | 36 | RECEIVE
[1678249239822784464] | 79,121,39 | 36 | RECEIVE
[1678249240823338103] | 79,125,40 | 38 | RECEIVE
[1678249241823662172] | 84,125,41 | 39 | RECEIVE
[1678249242823998603] | 86,125,42 | 39 | RECEIVE
[1678249243824271128] | 86,130,43 | 40 | RECEIVE
[1678249244824580808] | 86,134,44 | 40 | RECEIVE
[1678249245824875263] | 93,134,45 | 41 | RECEIVE
[1678249246825176283] | 94,134,46 | 42 | RECEIVE
[1678249247825516622] | 95,134,47 | 42 | RECEIVE
[1678249248826334259] | 95,143,48 | 42 | RECEIVE
[1678249249826576750] | 95,146,49 | 42 | RECEIVE
[1678249250827044550] | 95,147,50 | 42 | RECEIVE
[1678249251827421974] | 95,150,51 | 43 | RECEIVE
[1678249252827641556] | 104,152,52 | 42 | RECEIVE
[1678249253828211463] | 105,152,53 | 42 | RECEIVE
[1678249254828782138] | 105,159,54 | 43 | RECEIVE
[1678249255829067300] | 105,162,55 | 43 | RECEIVE
[1678249256829630291] | 105,165,56 | 45 | RECEIVE
[1678249257829926068] | 105,168,57 | 45 | RECEIVE
[1678249258830208854] | 105,174,58 | 45 | RECEIVE
[1678249259830783368] | 105,177,59 | 45 | RECEIVE
[1678249260831381838] | 123,181,60 | 48 | RECEIVE
[1678249261831673912] | 123,187,61 | 50 | RECEIVE
[1678249262831943985] | 123,188,62 | 51 | RECEIVE
