Process 1 running at 6Hz
[1678249201806933581] | 0,1,0 | 1 | INTERNAL
[1678249201973461813] | 0,2,0 | 0 | RECEIVE
[1678249202139754540] | 0,3,0 | 0 | INTERNAL
[1678249202306350728] | 0,4,0 | 0 | SEND
[1678249202472688572] | 0,5,0 | 0 | SEND
[1678249202639234334] | 3,6,0 | 0 | RECEIVE
[1678249202805509042] | 3,7,0 | 0 | SEND
[1678249202971787870] | 3,8,0 | 0 | INTERNAL
[1678249203138105879] | 3,9,0 | 0 | DOUBLE SEND
[1678249203304725603] | 3,10,0 | 0 | INTERNAL
[1678249203471438287] | 3,11,0 | 0 | INTERNAL
[1678249203637639591] | 3,12,0 | 0 | SEND
[1678249203804010889] | 3,13,0 | 0 | INTERNAL
[1678249203970590734] | 3,14,0 | 0 | SEND
[1678249204136860972] | 9,15,0 | 0 | RECEIVE
[1678249204303389693] | 9,16,0 | 0 | INTERNAL
[1678249204469634787] | 9,17,0 | 0 | INTERNAL
[1678249204635937850] | 11,18,0 | 0 | RECEIVE
[1678249204802526495] | 11,19,0 | 0 | INTERNAL
[1678249204968802529] | 11,20,0 | 0 | INTERNAL
[1678249205135337256] | 13,21,0 | 0 | RECEIVE
[1678249205301865907] | 13,22,0 | 0 | INTERNAL
[1678249205468134259] | 14,23,0 | 0 | RECEIVE
[1678249205634416928] | 14,24,0 | 0 | INTERNAL
[1678249205800696454] | 14,25,0 | 0 | INTERNAL
[1678249205967270223] | 14,26,0 | 0 | INTERNAL
[1678249206133849230] | 14,27,0 | 0 | INTERNAL
[1678249206300409379] | 14,28,0 | 0 | INTERNAL
[1678249206466670118] | 14,29,0 | 0 | INTERNAL
[1678249206632946431] | 19,30,0 | 0 | RECEIVE
[1678249206799488352] | 19,31,0 | 0 | INTERNAL
[1678249206966079023] | 19,32,0 | 0 | SEND
[1678249207132344301] | 21,33,0 | 0 | RECEIVE
[1678249207298898374] | 21,34,0 | 0 | INTERNAL
[1678249207465200459] | 21,35,0 | 0 | INTERNAL
[1678249207631487179] | 23,36,0 | 0 | RECEIVE
[1678249207797898775] | 23,37,0 | 0 | INTERNAL
[1678249207964194435] | 23,38,0 | 0 | INTERNAL
[1678249208130604564] | 23,39,0 | 0 | INTERNAL
[1678249208297181825] | 23,40,0 | 0 | INTERNAL
[1678249208463735130] | 23,41,0 | 0 | INTERNAL
[1678249208630048599] | 23,42,0 | 0 | INTERNAL
[1678249208796549453] | 23,43,0 | 0 | INTERNAL
[1678249208963088161] | 23,44,0 | 0 | INTERNAL
[1678249209129304829] | 23,45,0 | 0 | INTERNAL
[1678249209295927278] | 23,46,0 | 0 | SEND
[1678249209462465916] | 23,47,0 | 0 | INTERNAL
[1678249209629005881] | 31,48,0 | 0 | RECEIVE
[1678249209795300074] | 31,49,0 | 0 | INTERNAL
[1678249209961863785] | 31,50,0 | 0 | INTERNAL
[1678249210128117469] | 31,51,0 | 0 | INTERNAL
[1678249210294842864] | 31,52,0 | 0 | INTERNAL
[1678249210461339807] | 31,53,0 | 0 | INTERNAL
[1678249210627890108] | 31,54,0 | 0 | INTERNAL
[1678249210794581490] | 31,55,0 | 0 | INTERNAL
[1678249210960874914] | 31,56,0 | 0 | INTERNAL
[1678249211127144033] | 31,57,0 | 0 | INTERNAL
[1678249211293678481] | 31,58,0 | 0 | INTERNAL
[1678249211460314059] | 31,59,0 | 0 | INTERNAL
[1678249211626953688] | 31,60,0 | 0 | SEND
[1678249211793523895] | 31,61,0 | 0 | INTERNAL
[1678249211960172743] | 31,62,0 | 0 | INTERNAL
[1678249212126754543] | 31,63,0 | 0 | SEND
[1678249212293085193] | 31,64,0 | 0 | SEND
[1678249212459699888] | 31,65,0 | 0 | INTERNAL
[1678249212626010633] | 31,66,0 | 0 | SEND
[1678249212792622675] | 31,67,0 | 0 | SEND
[1678249212958925038] | 31,68,0 | 0 | INTERNAL
[1678249213125475270] | 31,69,0 | 0 | DOUBLE SEND
[1678249213292044010] | 31,70,0 | 0 | INTERNAL
[1678249213458559111] | 31,71,0 | 0 | INTERNAL
[1678249213625067647] | 31,72,0 | 0 | DOUBLE SEND
[1678249213791629333] | 31,73,0 | 0 | SEND
[1678249213958149742] | 31,74,0 | 0 | SEND
[1678249214124728399] | 31,75,0 | 0 | INTERNAL
[1678249214291348193] | 31,76,0 | 0 | SEND
[1678249214457870418] | 50,77,0 | 0 | RECEIVE
[1678249214624186401] | 50,78,0 | 0 | INTERNAL
[1678249214790567266] | 50,79,0 | 0 | INTERNAL
[1678249214956909580] | 52,80,0 | 0 | RECEIVE
[1678249215123488306] | 52,81,0 | 0 | INTERNAL
[1678249215290080932] | 52,82,0 | 0 | INTERNAL
[1678249215456677189] | 52,83,0 | 0 | INTERNAL
[1678249215622969705] | 52,84,0 | 0 | SEND
[1678249215789527130] | 52,85,0 | 0 | INTERNAL
[1678249215956114238] | 52,86,0 | 0 | INTERNAL
[1678249216122569904] | 52,87,0 | 0 | INTERNAL
[1678249216289130542] | 52,88,0 | 0 | INTERNAL
[1678249216455653675] | 52,89,0 | 0 | SEND
[1678249216622201531] | 52,90,0 | 0 | INTERNAL
[1678249216788772087] | 52,91,0 | 0 | INTERNAL
[1678249216955053009] | 52,92,0 | 0 | INTERNAL
[1678249217121335467] | 52,93,0 | 0 | INTERNAL
[1678249217287621069] | 52,94,0 | 0 | INTERNAL
[1678249217454177865] | 52,95,0 | 0 | INTERNAL
[1678249217620699462] | 63,96,0 | 0 | RECEIVE
[1678249217787219871] | 63,97,0 | 0 | INTERNAL
[1678249217953967474] | 63,98,0 | 0 | SEND
[1678249218120487045] | 63,99,0 | 0 | SEND
[1678249218286923295] | 63,100,0 | 0 | INTERNAL
[1678249218453515152] | 63,101,0 | 0 | INTERNAL
[1678249218620006018] | 63,102,0 | 0 | INTERNAL
[1678249218786558694] | 63,103,0 | 0 | INTERNAL
[1678249218953163401] | 63,104,0 | 0 | SEND
[1678249219119698756] | 69,105,0 | 0 | RECEIVE
[1678249219286003215] | 69,106,0 | 0 | INTERNAL
[1678249219452357540] | 69,107,0 | 0 | INTERNAL
[1678249219618946883] | 69,108,0 | 0 | DOUBLE SEND
[1678249219785567724] | 69,109,0 | 0 | INTERNAL
[1678249219951897605] | 69,110,0 | 0 | SEND
[1678249220118437290] | 69,111,0 | 0 | INTERNAL
[1678249220285028518] | 69,112,0 | 0 | INTERNAL
[1678249220451576445] | 69,113,0 | 0 | INTERNAL
[1678249220618155241] | 69,114,0 | 0 | INTERNAL
[1678249220784648900] | 69,115,0 | 0 | INTERNAL
[1678249220951147030] | 69,116,0 | 0 | INTERNAL
[1678249221117437171] | 69,117,0 | 0 | INTERNAL
[1678249221284000183] | 69,118,0 | 0 | SEND
[1678249221450551531] | 69,119,0 | 0 | INTERNAL
[1678249221617086886] | 69,120,0 | 0 | SEND
[1678249221783665263] | 69,121,0 | 0 | INTERNAL
[1678249221950043335] | 69,122,0 | 0 | DOUBLE SEND
[1678249222116333615] | 69,123,0 | 0 | INTERNAL
[1678249222282599661] | 69,124,0 | 0 | INTERNAL
[1678249222448910056] | 69,125,0 | 0 | INTERNAL
[1678249222615495766] | 69,126,0 | 0 | SEND
[1678249222782064505] | 69,127,0 | 0 | INTERNAL
[1678249222948631009] | 84,128,0 | 0 | RECEIVE
[1678249223114918077] | 84,129,0 | 0 | INTERNAL
[1678249223281502531] | 84,130,0 | 0 | INTERNAL
[1678249223448081047] | 84,131,0 | 0 | DOUBLE SEND
[1678249223614412395] | 84,132,0 | 0 | INTERNAL
[1678249223780660631] | 84,133,0 | 0 | INTERNAL
[1678249223947220290] | 84,134,0 | 0 | INTERNAL
[1678249224113825975] | 84,135,0 | 0 | DOUBLE SEND
[1678249224280098446] | 84,136,0 | 0 | INTERNAL
[1678249224446389914] | 84,137,0 | 0 | INTERNAL
[1678249224612686131] | 84,138,0 | 0 | INTERNAL
[1678249224779254032] | 84,139,0 | 0 | INTERNAL
[1678249224945563728] | 92,140,0 | 0 | RECEIVE
[1678249225111845557] | 92,141,0 | 0 | INTERNAL
[1678249225278379096] | 92,142,0 | 0 | INTERNAL
[1678249225444909701] | 94,143,0 | 0 | RECEIVE
[1678249225611505190] | 94,144,0 | 0 | SEND
[1678249225778027973] | 94,145,0 | 0 | INTERNAL
[1678249225944544540] | 94,146,0 | 0 | INTERNAL
[1678249226111167476] | 94,147,0 | 0 | DOUBLE SEND
[1678249226277501267] | 94,148,0 | 0 | DOUBLE SEND
[1678249226443934513] | 94,149,0 | 0 | INTERNAL
[1678249226610454503] | 94,150,0 | 0 | INTERNAL
[1678249226776792624] | 94,151,0 | 0 | DOUBLE SEND
[1678249226943366671] | 94,152,0 | 0 | INTERNAL
[1678249227109788254] | 94,153,0 | 0 | SEND
[1678249227276366002] | 94,154,0 | 0 | INTERNAL
[1678249227442974480] | 94,155,0 | 0 | INTERNAL
[1678249227609692959] | 94,156,0 | 0 | INTERNAL
[1678249227776267076] | 94,157,0 | 0 | INTERNAL
[1678249227942854672] | 94,158,0 | 0 | INTERNAL
[1678249228109128120] | 105,159,0 | 0 | RECEIVE
[1678249228275453251] | 105,160,0 | 0 | SEND
[1678249228442146099] | 105,161,0 | 0 | SEND
[1678249228608469623] | 105,162,0 | 0 | SEND
[1678249228775084457] | 105,163,0 | 0 | DOUBLE SEND
[1678249228941400719] | 105,164,0 | 0 | INTERNAL
[1678249229107640154] | 105,165,0 | 0 | INTERNAL
[1678249229274290956] | 105,166,0 | 0 | DOUBLE SEND
[1678249229440778679] | 105,167,0 | 0 | INTERNAL
[1678249229607306420] | 105,168,0 | 0 | INTERNAL
[1678249229773861749] | 105,169,0 | 0 | DOUBLE SEND
[1678249229940496628] | 105,170,0 | 0 | SEND
[1678249230106705961] | 105,171,0 | 0 | INTERNAL
[1678249230273279309] | 105,172,0 | 0 | INTERNAL
[1678249230439542840] | 105,173,0 | 0 | INTERNAL
[1678249230605821876] | 105,174,0 | 0 | INTERNAL
[1678249230772403046] | 105,175,0 | 0 | DOUBLE SEND
[1678249230938992737] | 105,176,0 | 0 | INTERNAL
[1678249231105302293] | 105,177,0 | 0 | INTERNAL
[1678249231271926835] | 105,178,0 | 0 | SEND
[1678249231438186105] | 105,179,0 | 0 | INTERNAL
[1678249231604641281] | 105,180,0 | 0 | INTERNAL
[1678249231770964666] | 119,181,0 | 0 | RECEIVE
[1678249231937224216] | 119,182,0 | 0 | SEND
[1678249232103655715] | 119,183,0 | 0 | INTERNAL
[1678249232269921201] | 119,184,0 | 0 | INTERNAL
[1678249232436234459] | 119,185,0 | 0 | INTERNAL
[1678249232602636556] | 119,186,0 | 0 | INTERNAL
[1678249232768971324] | 123,187,0 | 0 | RECEIVE
[1678249232935598939] | 123,188,0 | 0 | DOUBLE SEND
[1678249233102125074] | 123,189,0 | 0 | DOUBLE SEND
[1678249233268425551] | 123,190,0 | 0 | INTERNAL
[1678249233435065528] | 123,191,0 | 0 | DOUBLE SEND
[1678249233601544100] | 123,192,0 | 0 | INTERNAL
[1678249233767835917] | 123,193,0 | 0 | INTERNAL
[1678249233934180952] | 123,194,0 | 0 | SEND
[1678249234100635639] | 123,195,0 | 0 | SEND
[1678249234267111209] | 123,196,0 | 0 | INTERNAL
[1678249234433408962] | 123,197,0 | 0 | SEND
[1678249234599962614] | 123,198,0 | 0 | INTERNAL
[1678249234766533867] | 123,199,0 | 0 | INTERNAL
[1678249234933071106] | 132,200,0 | 0 | RECEIVE
[1678249235099431228] | 132,201,0 | 0 | DOUBLE SEND
[1678249235265723114] | 132,202,0 | 0 | INTERNAL
[1678249235432140016] | 132,203,0 | 0 | DOUBLE SEND
[1678249235598714900] | 132,204,0 | 0 | INTERNAL
[1678249235765201714] | 132,205,0 | 0 | INTERNAL
[1678249235931739932] | 136,206,0 | 0 | RECEIVE
[1678249236098029653] | 136,207,0 | 0 | INTERNAL
[1678249236264288643] | 136,208,0 | 0 | INTERNAL
[1678249236430577456] | 138,209,0 | 0 | RECEIVE
[1678249236596877933] | 138,210,0 | 0 | SEND
[1678249236763448906] | 138,211,0 | 0 | INTERNAL
[1678249236930020507] | 138,212,0 | 0 | INTERNAL
[1678249237096556909] | 138,213,0 | 0 | INTERNAL
[1678249237262810242] | 141,214,0 | 0 | RECEIVE
[1678249237429019785] | 141,215,0 | 0 | INTERNAL
[1678249237595599627] | 141,216,0 | 0 | INTERNAL
[1678249237762216905] | 141,217,0 | 0 | SEND
[1678249237928814348] | 141,218,0 | 0 | SEND
[1678249238095430509] | 141,219,0 | 0 | SEND
[1678249238261707798] | 145,220,0 | 0 | RECEIVE
[1678249238428244688] | 145,221,0 | 0 | INTERNAL
[1678249238594844715] | 145,222,0 | 0 | DOUBLE SEND
[1678249238761121934] | 145,223,0 | 0 | INTERNAL
[1678249238927394753] | 145,224,0 | 0 | INTERNAL
[1678249239093692994] | 145,225,0 | 0 | INTERNAL
[1678249239260000106] | 145,226,0 | 0 | INTERNAL
[1678249239426281934] | 150,227,0 | 0 | RECEIVE
[1678249239592609928] | 150,228,0 | 0 | INTERNAL
[1678249239759217079] | 150,229,0 | 0 | SEND
[1678249239925555828] | 150,230,0 | 0 | SEND
[1678249240092032375] | 150,231,0 | 0 | INTERNAL
[1678249240258223759] | 150,232,0 | 0 | INTERNAL
[1678249240424873792] | 154,233,0 | 0 | RECEIVE
[1678249240591461737] | 154,234,0 | 0 | SEND
[1678249240758007916] | 154,235,0 | 0 | INTERNAL
[1678249240924280735] | 154,236,0 | 0 | INTERNAL
[1678249241090616201] | 154,237,0 | 0 | INTERNAL
[1678249241256926106] | 154,238,0 | 0 | INTERNAL
[1678249241423505949] | 154,239,0 | 0 | INTERNAL
[1678249241589804260] | 154,240,0 | 0 | INTERNAL
[1678249241756362940] | 154,241,0 | 0 | SEND
[1678249241922676058] | 154,242,0 | 0 | INTERNAL
[1678249242089175513] | 154,243,0 | 0 | INTERNAL
[1678249242256045826] | 154,244,0 | 0 | INTERNAL
[1678249242422591586] | 154,245,0 | 0 | INTERNAL
[1678249242589080285] | 154,246,0 | 0 | INTERNAL
[1678249242755392076] | 154,247,0 | 0 | INTERNAL
[1678249242922052865] | 154,248,0 | 0 | INTERNAL
[1678249243088687603] | 154,249,0 | 0 | INTERNAL
[1678249243254951691] | 154,250,0 | 0 | INTERNAL
[1678249243421273329] | 154,251,0 | 0 | DOUBLE SEND
[1678249243587825934] | 154,252,0 | 0 | INTERNAL
[1678249243754105387] | 154,253,0 | 0 | INTERNAL
[1678249243920372339] | 154,254,0 | 0 | INTERNAL
[1678249244086955115] | 154,255,0 | 0 | SEND
[1678249244253130994] | 154,256,0 | 0 | INTERNAL
[1678249244419293043] | 170,257,0 | 0 | RECEIVE
[1678249244585588770] | 170,258,0 | 0 | SEND
[1678249244751778268] | 170,259,0 | 0 | INTERNAL
[1678249244918340301] | 172,260,0 | 0 | RECEIVE
[1678249245084636167] | 172,261,0 | 0 | INTERNAL
[1678249245250926656] | 172,262,0 | 0 | INTERNAL
[1678249245417575711] | 172,263,0 | 0 | SEND
[1678249245583972219] | 172,264,0 | 0 | INTERNAL
[1678249245750378924] | 172,265,0 | 0 | SEND
[1678249245916648111] | 172,266,0 | 0 | INTERNAL
[1678249246083189191] | 172,267,0 | 0 | INTERNAL
[1678249246249383158] | 172,268,0 | 0 | INTERNAL
[1678249246415892321] | 172,269,0 | 0 | SEND
[1678249246582153197] | 172,270,0 | 0 | INTERNAL
[1678249246748678632] | 172,271,0 | 0 | INTERNAL
[1678249246915160207] | 172,272,0 | 0 | INTERNAL
[1678249247081698494] | 172,273,0 | 0 | INTERNAL
[1678249247247960417] | 181,274,0 | 0 | RECEIVE
[1678249247414579021] | 182,275,0 | 0 | RECEIVE
[1678249247581273124] | 182,276,0 | 0 | INTERNAL
[1678249247747777677] | 182,277,0 | 0 | INTERNAL
[1678249247914140033] | 182,278,0 | 0 | SEND
[1678249248080630128] | 182,279,0 | 0 | DOUBLE SEND
[1678249248247199285] | 182,280,0 | 0 | INTERNAL
[1678249248413759012] | 182,281,0 | 0 | INTERNAL
[1678249248580054739] | 182,282,0 | 0 | INTERNAL
[1678249248746643032] | 182,283,0 | 0 | SEND
[1678249248913186906] | 182,284,0 | 0 | INTERNAL
[1678249249079457210] | 182,285,0 | 0 | INTERNAL
[1678249249246033699] | 182,286,0 | 0 | INTERNAL
[1678249249412281584] | 190,287,0 | 0 | RECEIVE
[1678249249578851299] | 190,288,0 | 0 | INTERNAL
[1678249249745173216] | 190,289,0 | 0 | SEND
[1678249249911388974] | 192,290,0 | 0 | RECEIVE
[1678249250077893457] | 192,291,0 | 0 | INTERNAL
[1678249250244185551] | 192,292,0 | 0 | INTERNAL
[1678249250410505513] | 192,293,0 | 0 | INTERNAL
[1678249250576836230] | 192,294,0 | 0 | INTERNAL
[1678249250743073638] | 192,295,0 | 0 | INTERNAL
[1678249250909386197] | 192,296,0 | 0 | INTERNAL
[1678249251075972185] | 192,297,0 | 0 | DOUBLE SEND
[1678249251242544554] | 192,298,0 | 0 | INTERNAL
[1678249251409076135] | 192,299,0 | 0 | INTERNAL
[1678249251575431576] | 192,300,0 | 0 | DOUBLE SEND
[1678249251741728769] | 192,301,0 | 0 | INTERNAL
[1678249251908287169] | 192,302,0 | 0 | INTERNAL
[1678249252074820916] | 192,303,0 | 0 | INTERNAL
[1678249252241306402] | 192,304,0 | 0 | INTERNAL
[1678249252407635093] | 192,305,0 | 0 | INTERNAL
[1678249252573894571] | 192,306,0 | 0 | INTERNAL
[1678249252740463239] | 203,307,0 | 0 | RECEIVE
[1678249252906726628] | 204,308,0 | 0 | RECEIVE
[1678249253073306959] | 204,309,0 | 0 | INTERNAL
[1678249253239848178] | 204,310,0 | 0 | INTERNAL
[1678249253406378502] | 206,311,0 | 0 | RECEIVE
[1678249253572675486] | 206,312,0 | 0 | INTERNAL
[1678249253739031555] | 206,313,0 | 0 | DOUBLE SEND
[1678249253905627041] | 206,314,0 | 0 | SEND
[1678249254072169169] | 206,315,0 | 0 | INTERNAL
[1678249254238736509] | 206,316,0 | 0 | INTERNAL
[1678249254405288344] | 206,317,0 | 0 | INTERNAL
[1678249254571827538] | 206,318,0 | 0 | DOUBLE SEND
[1678249254738422954] | 206,319,0 | 0 | SEND
[1678249254904721614] | 206,320,0 | 0 | INTERNAL
[1678249255071267582] | 206,321,0 | 0 | INTERNAL
[1678249255237870681] | 206,322,0 | 0 | INTERNAL
[1678249255404977967] | 206,323,0 | 0 | INTERNAL
[1678249255571598177] | 206,324,0 | 0 | DOUBLE SEND
[1678249255738135904] | 206,325,0 | 0 | INTERNAL
[1678249255904416125] | 206,326,0 | 0 | INTERNAL
[1678249256070925427] | 206,327,0 | 0 | INTERNAL
[1678249256237206207] | 206,328,0 | 0 | INTERNAL
[1678249256403789820] | 206,329,0 | 0 | SEND
[1678249256570373223] | 206,330,0 | 0 | SEND
[1678249256736832378] | 206,331,0 | 0 | SEND
[1678249256903487649] | 206,332,0 | 0 | DOUBLE SEND
[1678249257070032849] | 206,333,0 | 0 | INTERNAL
[1678249257236596837] | 206,334,0 | 0 | INTERNAL
[1678249257403138195] | 206,335,0 | 0 | INTERNAL
[1678249257569616487] | 206,336,0 | 0 | INTERNAL
[1678249257736167554] | 206,337,0 | 0 | INTERNAL
[1678249257902507490] | 206,338,0 | 0 | SEND
[1678249258068797279] | 206,339,0 | 0 | INTERNAL
[1678249258235330117] | 206,340,0 | 0 | INTERNAL
[1678249258401939781] | 206,341,0 | 0 | SEND
[1678249258568435044] | 226,342,0 | 0 | RECEIVE
[1678249258734779380] | 226,343,0 | 0 | INTERNAL
[1678249258901079575] | 226,344,0 | 0 | INTERNAL
[1678249259067423841] | 226,345,0 | 0 | INTERNAL
[1678249259233879993] | 226,346,0 | 0 | INTERNAL
[1678249259400445028] | 226,347,0 | 0 | INTERNAL
[1678249259567098902] | 226,348,0 | 0 | DOUBLE SEND
[1678249259733350348] | 226,349,0 | 0 | INTERNAL
[1678249259899948208] | 226,350,0 | 0 | SEND
[1678249260066644476] | 232,351,0 | 0 | RECEIVE
[1678249260233179968] | 233,352,0 | 0 | RECEIVE
[1678249260399726774] | 233,353,0 | 0 | INTERNAL
[1678249260565930518] | 233,354,0 | 0 | INTERNAL
[1678249260732468944] | 233,355,0 | 0 | SEND
[1678249260898984810] | 233,356,0 | 0 | DOUBLE SEND
[1678249261065531826] | 233,357,0 | 0 | INTERNAL
[1678249261232099235] | 233,358,0 | 0 | DOUBLE SEND
[1678249261398428904] | 233,359,0 | 0 | SEND
[1678249261565344963] | 233,360,0 | 0 | SEND
[1678249261731816759] | 233,361,0 | 0 | INTERNAL
[1678249261898378791] | 233,362,0 | 0 | INTERNAL
[1678249262064690999] | 233,363,0 | 0 | INTERNAL
[1678249262230996153] | 233,364,0 | 0 | INTERNAL
[1678249262397313320] | 233,365,0 | 0 | DOUBLE SEND
[1678249262563650951] | 233,366,0 | 0 | INTERNAL
[1678249262730216684] | 233,367,0 | 0 | INTERNAL
