Running process at 3Hz
[1678249293506168908] | 0,0,1 | 0 | INTERNAL
[1678249293839396962] | 0,0,2 | 1 | RECEIVE
[1678249294172620755] | 0,0,3 | 1 | RECEIVE
[1678249294506128175] | 0,3,4 | 1 | RECEIVE
[1678249294839621417] | 0,5,5 | 0 | RECEIVE
[1678249295172821184] | 4,5,6 | 1 | RECEIVE
[1678249295506356052] | 4,10,7 | 1 | RECEIVE
[1678249295839591159] | 5,10,8 | 0 | RECEIVE
[1678249296172795327] | 7,10,9 | 0 | RECEIVE
[1678249296506390467] | 7,10,10 | 0 | INTERNAL
[1678249296839926592] | 7,10,11 | 0 | INTERNAL
[1678249297173123077] | 10,16,12 | 0 | RECEIVE
[1678249297506646350] | 10,23,13 | 0 | RECEIVE
[1678249297840265865] | 10,23,14 | 0 | DOUBLE SEND
[1678249298173577449] | 10,23,15 | 0 | INTERNAL
[1678249298507093878] | 10,30,16 | 0 | RECEIVE
[1678249298840667926] | 10,31,17 | 0 | RECEIVE
[1678249299174016945] | 10,31,18 | 0 | SEND
[1678249299507513958] | 16,36,19 | 0 | RECEIVE
[1678249299840699407] | 16,36,20 | 0 | INTERNAL
[1678249300173982425] | 16,39,21 | 0 | RECEIVE
[1678249300507514918] | 16,41,22 | 0 | RECEIVE
[1678249300840853460] | 16,41,23 | 0 | INTERNAL
[1678249301174102256] | 16,41,24 | 0 | INTERNAL
[1678249301507645154] | 23,41,25 | 0 | RECEIVE
[1678249301840971963] | 23,41,26 | 0 | INTERNAL
[1678249302174292556] | 23,52,27 | 0 | RECEIVE
[1678249302507616151] | 23,52,28 | 0 | INTERNAL
[1678249302840947150] | 23,55,29 | 0 | RECEIVE
[1678249303174299311] | 23,55,30 | 0 | SEND
[1678249303507595250] | 23,55,31 | 0 | INTERNAL
[1678249303841194790] | 23,62,32 | 0 | RECEIVE
[1678249304174828412] | 23,62,33 | 0 | SEND
[1678249304508347145] | 23,62,34 | 0 | INTERNAL
[1678249304841938863] | 23,67,35 | 1 | RECEIVE
[1678249305175270839] | 23,68,36 | 0 | RECEIVE
[1678249305508865979] | 23,68,37 | 0 | INTERNAL
[1678249305842493595] | 23,68,38 | 0 | INTERNAL
[1678249306176119535] | 23,68,39 | 0 | DOUBLE SEND
[1678249306509417079] | 23,68,40 | 0 | INTERNAL
[1678249306843002092] | 23,79,41 | 0 | RECEIVE
[1678249307176717429] | 23,79,42 | 0 | INTERNAL
[1678249307510027056] | 23,79,43 | 0 | INTERNAL
[1678249307843356098] | 23,86,44 | 0 | RECEIVE
[1678249308176971981] | 23,86,45 | 0 | INTERNAL
[1678249308510463126] | 44,86,46 | 0 | RECEIVE
[1678249308844414108] | 44,92,47 | 0 | RECEIVE
[1678249309177764872] | 44,92,48 | 0 | INTERNAL
[1678249309511083298] | 44,95,49 | 0 | RECEIVE
[1678249309844336982] | 44,95,50 | 0 | SEND
[1678249310177628101] | 44,95,51 | 0 | INTERNAL
[1678249310510990527] | 44,95,52 | 0 | INTERNAL
[1678249310844387386] | 44,95,53 | 0 | DOUBLE SEND
[1678249311177665794] | 44,106,54 | 0 | RECEIVE
[1678249311511268266] | 44,106,55 | 0 | INTERNAL
[1678249311844866757] | 54,106,56 | 0 | RECEIVE
[1678249312178501985] | 54,106,57 | 0 | DOUBLE SEND
[1678249312511849396] | 54,106,58 | 0 | INTERNAL
[1678249312845437970] | 54,106,59 | 0 | INTERNAL
[1678249313178787336] | 54,106,60 | 0 | INTERNAL
[1678249313512354608] | 54,106,61 | 0 | INTERNAL
[1678249313845969651] | 54,106,62 | 0 | INTERNAL
[1678249314179608511] | 54,106,63 | 0 | SEND
[1678249314513196176] | 62,121,64 | 1 | RECEIVE
[1678249314846743962] | 62,125,65 | 0 | RECEIVE
[1678249315180382193] | 62,125,66 | 0 | INTERNAL
[1678249315513771439] | 62,125,67 | 0 | INTERNAL
[1678249315847164036] | 62,125,68 | 0 | DOUBLE SEND
[1678249316180411434] | 62,125,69 | 0 | INTERNAL
[1678249316513935124] | 62,137,70 | 0 | RECEIVE
[1678249316847234693] | 62,139,71 | 0 | RECEIVE
[1678249317180644821] | 62,141,72 | 0 | RECEIVE
[1678249317514001939] | 62,141,73 | 0 | INTERNAL
[1678249317847406549] | 62,141,74 | 0 | SEND
[1678249318180689775] | 62,148,75 | 0 | RECEIVE
[1678249318514018188] | 62,148,76 | 0 | INTERNAL
[1678249318847340175] | 62,151,77 | 1 | RECEIVE
[1678249319180635553] | 62,152,78 | 0 | RECEIVE
[1678249319513920874] | 77,152,79 | 0 | RECEIVE
[1678249319847224842] | 77,152,80 | 0 | SEND
[1678249320180500874] | 77,160,81 | 0 | RECEIVE
[1678249320513755115] | 77,161,82 | 0 | RECEIVE
[1678249320847066696] | 77,163,83 | 0 | RECEIVE
[1678249321180674266] | 77,163,84 | 0 | SEND
[1678249321513968107] | 77,163,85 | 0 | SEND
[1678249321847254126] | 77,163,86 | 0 | INTERNAL
[1678249322180555999] | 77,163,87 | 0 | INTERNAL
[1678249322513997415] | 86,174,88 | 0 | RECEIVE
[1678249322847308088] | 86,174,89 | 0 | INTERNAL
[1678249323180600742] | 86,174,90 | 0 | INTERNAL
[1678249323513836614] | 88,180,91 | 0 | RECEIVE
[1678249323847123750] | 88,180,92 | 0 | INTERNAL
[1678249324180516417] | 88,180,93 | 0 | INTERNAL
[1678249324513926823] | 88,180,94 | 0 | INTERNAL
[1678249324847204810] | 88,180,95 | 0 | INTERNAL
[1678249325180474066] | 88,180,96 | 0 | INTERNAL
[1678249325513906822] | 88,180,97 | 0 | SEND
[1678249325847157151] | 88,180,98 | 0 | INTERNAL
[1678249326180426338] | 88,196,99 | 0 | RECEIVE
[1678249326513639861] | 88,196,100 | 0 | INTERNAL
[1678249326846948787] | 88,196,101 | 0 | INTERNAL
[1678249327180550000] | 88,196,102 | 0 | INTERNAL
[1678249327513879181] | 88,196,103 | 0 | SEND
[1678249327847295593] | 88,196,104 | 0 | INTERNAL
[1678249328180655574] | 88,196,105 | 0 | DOUBLE SEND
[1678249328513958563] | 88,196,106 | 0 | SEND
[1678249328847335795] | 88,196,107 | 0 | DOUBLE SEND
[1678249329180651495] | 106,196,108 | 0 | RECEIVE
[1678249329513980955] | 106,196,109 | 0 | INTERNAL
[1678249329847272770] | 106,217,110 | 1 | RECEIVE
[1678249330180604394] | 106,218,111 | 1 | RECEIVE
[1678249330513973873] | 106,219,112 | 2 | RECEIVE
[1678249330847220430] | 106,221,113 | 2 | RECEIVE
[1678249331180548213] | 106,222,114 | 2 | RECEIVE
[1678249331513879209] | 106,224,115 | 1 | RECEIVE
[1678249331847222846] | 112,224,116 | 0 | RECEIVE
[1678249332180645544] | 112,224,117 | 0 | INTERNAL
[1678249332513957333] | 116,229,118 | 1 | RECEIVE
[1678249332847284348] | 116,233,119 | 0 | RECEIVE
[1678249333180589362] | 116,233,120 | 0 | INTERNAL
[1678249333513941170] | 116,233,121 | 0 | INTERNAL
[1678249333847256661] | 116,233,122 | 0 | SEND
[1678249334180528640] | 116,233,123 | 0 | INTERNAL
[1678249334513934576] | 116,233,124 | 0 | INTERNAL
[1678249334847250625] | 116,233,125 | 0 | INTERNAL
[1678249335180623945] | 116,233,126 | 0 | DOUBLE SEND
[1678249335513883562] | 116,233,127 | 0 | DOUBLE SEND
[1678249335847138430] | 116,233,128 | 0 | INTERNAL
[1678249336180399653] | 116,233,129 | 0 | INTERNAL
[1678249336513712490] | 116,233,130 | 0 | SEND
[1678249336847020717] | 129,250,131 | 0 | RECEIVE
[1678249337180350105] | 129,250,132 | 0 | INTERNAL
[1678249337513903336] | 129,264,133 | 0 | RECEIVE
[1678249337847293767] | 129,264,134 | 0 | SEND
[1678249338180591936] | 129,267,135 | 0 | RECEIVE
[1678249338513887801] | 129,267,136 | 0 | INTERNAL
[1678249338847250713] | 129,271,137 | 0 | RECEIVE
[1678249339180636394] | 129,271,138 | 0 | SEND
[1678249339513862767] | 129,271,139 | 0 | INTERNAL
[1678249339847043253] | 129,271,140 | 0 | INTERNAL
[1678249340180342190] | 129,271,141 | 0 | INTERNAL
[1678249340513650975] | 129,271,142 | 0 | INTERNAL
[1678249340847260359] | 139,283,143 | 0 | RECEIVE
[1678249341180507264] | 139,285,144 | 0 | RECEIVE
[1678249341513757941] | 143,285,145 | 0 | RECEIVE
[1678249341847290848] | 143,285,146 | 0 | SEND
[1678249342180529302] | 143,285,147 | 0 | INTERNAL
[1678249342514066749] | 143,285,148 | 0 | INTERNAL
[1678249342847333419] | 143,285,149 | 0 | INTERNAL
[1678249343180625791] | 143,285,150 | 0 | INTERNAL
[1678249343513895395] | 144,299,151 | 0 | RECEIVE
[1678249343847706969] | 144,299,152 | 0 | INTERNAL
[1678249344180974338] | 144,299,153 | 0 | INTERNAL
[1678249344514274253] | 144,299,154 | 0 | DOUBLE SEND
[1678249344847423659] | 144,299,155 | 0 | INTERNAL
[1678249345180704507] | 144,299,156 | 0 | DOUBLE SEND
[1678249345513935977] | 155,302,157 | 0 | RECEIVE
[1678249345847186095] | 155,313,158 | 0 | RECEIVE
[1678249346180596289] | 155,313,159 | 0 | INTERNAL
[1678249346513866800] | 155,317,160 | 0 | RECEIVE
[1678249346847294525] | 155,317,161 | 0 | DOUBLE SEND
[1678249347180595837] | 155,317,162 | 0 | INTERNAL
[1678249347513825490] | 155,317,163 | 0 | INTERNAL
[1678249347847293025] | 155,325,164 | 0 | RECEIVE
[1678249348180598806] | 155,327,165 | 0 | RECEIVE
[1678249348514563333] | 155,327,166 | 0 | INTERNAL
[1678249348847972969] | 155,327,167 | 0 | INTERNAL
[1678249349181259892] | 155,333,168 | 1 | RECEIVE
[1678249349514545908] | 155,334,169 | 2 | RECEIVE
[1678249349847830807] | 167,334,170 | 1 | RECEIVE
[1678249350181089444] | 167,336,171 | 1 | RECEIVE
[1678249350514355625] | 167,340,172 | 1 | RECEIVE
[1678249350847633400] | 167,341,173 | 0 | RECEIVE
[1678249351180916202] | 167,345,174 | 0 | RECEIVE
[1678249351514205850] | 167,345,175 | 0 | SEND
[1678249351847425795] | 167,345,176 | 0 | INTERNAL
[1678249352180703150] | 167,345,177 | 0 | SEND
[1678249352514078982] | 167,345,178 | 0 | SEND
[1678249352847357245] | 167,345,179 | 0 | INTERNAL
[1678249353180599400] | 167,357,180 | 0 | RECEIVE
[1678249353513917543] | 167,359,181 | 0 | RECEIVE
[1678249353847180022] | 167,359,182 | 0 | INTERNAL
[1678249354180583301] | 167,359,183 | 0 | INTERNAL
[1678249354513862472] | 167,359,184 | 0 | INTERNAL
