Running process at 3Hz
[1678249293506174705] | 1,0,0 | 0 | SEND
[1678249293839671649] | 2,0,0 | 0 | RECEIVE
[1678249294172902286] | 3,0,0 | 0 | INTERNAL
[1678249294506148359] | 4,5,0 | 0 | RECEIVE
[1678249294839654103] | 5,5,0 | 0 | DOUBLE SEND
[1678249295172929439] | 6,5,0 | 0 | DOUBLE SEND
[1678249295506356052] | 7,5,0 | 0 | INTERNAL
[1678249295839622658] | 8,5,0 | 0 | DOUBLE SEND
[1678249296172841562] | 9,16,0 | 0 | RECEIVE
[1678249296506390467] | 10,16,0 | 0 | INTERNAL
[1678249296839952922] | 11,16,0 | 0 | SEND
[1678249297173169591] | 12,16,0 | 0 | INTERNAL
[1678249297506646350] | 13,23,0 | 0 | RECEIVE
[1678249297840215579] | 14,23,0 | 0 | INTERNAL
[1678249298173535544] | 15,23,13 | 0 | RECEIVE
[1678249298507093878] | 16,23,13 | 0 | INTERNAL
[1678249298840698447] | 17,23,13 | 0 | SEND
[1678249299173986634] | 18,23,13 | 0 | INTERNAL
[1678249299507513958] | 19,31,17 | 1 | RECEIVE
[1678249299840699407] | 20,36,17 | 1 | RECEIVE
[1678249300173982425] | 21,38,17 | 1 | RECEIVE
[1678249300507514918] | 22,39,17 | 1 | RECEIVE
[1678249300840820076] | 23,41,17 | 0 | RECEIVE
[1678249301174142275] | 24,41,17 | 0 | DOUBLE SEND
[1678249301507645154] | 25,41,17 | 0 | INTERNAL
[1678249301840971963] | 26,41,17 | 0 | INTERNAL
[1678249302174292556] | 27,41,17 | 0 | INTERNAL
[1678249302507616151] | 28,54,17 | 0 | RECEIVE
[1678249302840947150] | 29,54,17 | 0 | INTERNAL
[1678249303174266975] | 30,54,17 | 0 | INTERNAL
[1678249303507595250] | 31,54,17 | 0 | INTERNAL
[1678249303841194790] | 32,61,29 | 0 | RECEIVE
[1678249304174796984] | 33,63,29 | 0 | RECEIVE
[1678249304508347145] | 34,63,29 | 0 | INTERNAL
[1678249304841938863] | 35,67,32 | 1 | RECEIVE
[1678249305175303036] | 36,68,32 | 0 | RECEIVE
[1678249305508865979] | 37,72,32 | 0 | RECEIVE
[1678249305842493595] | 38,72,32 | 0 | INTERNAL
[1678249306176066804] | 39,72,32 | 0 | INTERNAL
[1678249306509417079] | 40,72,38 | 0 | RECEIVE
[1678249306843002092] | 41,79,38 | 0 | RECEIVE
[1678249307176717429] | 42,79,38 | 0 | INTERNAL
[1678249307510027056] | 43,79,38 | 0 | INTERNAL
[1678249307843356098] | 44,79,38 | 0 | INTERNAL
[1678249308177004736] | 45,79,38 | 0 | SEND
[1678249308510463126] | 46,79,38 | 0 | INTERNAL
[1678249308844414108] | 47,79,38 | 0 | INTERNAL
[1678249309177764872] | 48,79,38 | 0 | INTERNAL
[1678249309511083298] | 49,95,38 | 0 | RECEIVE
[1678249309844315331] | 50,95,38 | 0 | INTERNAL
[1678249310177628101] | 51,95,49 | 0 | RECEIVE
[1678249310510990527] | 52,95,49 | 0 | INTERNAL
[1678249310844336053] | 53,103,49 | 0 | RECEIVE
[1678249311177665794] | 54,103,52 | 0 | RECEIVE
[1678249311511298787] | 55,103,52 | 0 | SEND
[1678249311844866757] | 56,103,52 | 0 | INTERNAL
[1678249312178501985] | 57,103,52 | 0 | SEND
[1678249312511849396] | 58,106,56 | 0 | RECEIVE
[1678249312845437970] | 59,106,56 | 0 | INTERNAL
[1678249313178787336] | 60,106,56 | 0 | INTERNAL
[1678249313512354608] | 61,106,56 | 0 | INTERNAL
[1678249313845969651] | 62,121,56 | 0 | RECEIVE
[1678249314179608511] | 63,121,56 | 0 | SEND
[1678249314513196176] | 64,121,62 | 1 | RECEIVE
[1678249314846743962] | 65,125,62 | 0 | RECEIVE
[1678249315180382193] | 66,129,62 | 1 | RECEIVE
[1678249315513771439] | 67,130,62 | 1 | RECEIVE
[1678249315847117871] | 68,131,62 | 0 | RECEIVE
[1678249316180411434] | 69,131,67 | 1 | RECEIVE
[1678249316513935124] | 70,136,67 | 1 | RECEIVE
[1678249316847234693] | 71,138,67 | 1 | RECEIVE
[1678249317180644821] | 72,139,67 | 1 | RECEIVE
[1678249317514001939] | 73,141,67 | 0 | RECEIVE
[1678249317847381755] | 74,146,67 | 0 | RECEIVE
[1678249318180689775] | 75,146,73 | 1 | RECEIVE
[1678249318514018188] | 76,148,73 | 0 | RECEIVE
[1678249318847340175] | 77,152,73 | 0 | RECEIVE
[1678249319180673617] | 78,152,73 | 0 | DOUBLE SEND
[1678249319513920874] | 79,152,73 | 0 | INTERNAL
[1678249319847200607] | 80,152,73 | 0 | INTERNAL
[1678249320180500874] | 81,152,79 | 0 | RECEIVE
[1678249320513798417] | 82,161,79 | 0 | RECEIVE
[1678249320847083388] | 83,163,79 | 0 | RECEIVE
[1678249321180650939] | 84,163,79 | 0 | INTERNAL
[1678249321513944780] | 85,163,79 | 0 | INTERNAL
[1678249321847254126] | 86,163,84 | 0 | RECEIVE
[1678249322180611732] | 87,163,84 | 0 | SEND
[1678249322513997415] | 88,163,84 | 0 | INTERNAL
[1678249322847336164] | 89,163,84 | 0 | SEND
[1678249323180600742] | 90,163,84 | 0 | INTERNAL
[1678249323513836614] | 91,163,84 | 0 | INTERNAL
[1678249323847123750] | 92,181,84 | 1 | RECEIVE
[1678249324180516417] | 93,182,84 | 0 | RECEIVE
[1678249324513923052] | 94,182,84 | 0 | INTERNAL
[1678249324847202924] | 95,182,84 | 0 | INTERNAL
[1678249325180474066] | 96,182,84 | 0 | INTERNAL
[1678249325513879235] | 97,191,84 | 0 | RECEIVE
[1678249325847157151] | 98,191,84 | 0 | INTERNAL
[1678249326180417328] | 99,196,96 | 0 | RECEIVE
[1678249326513668566] | 100,196,96 | 0 | INTERNAL
[1678249326846971625] | 101,196,96 | 0 | SEND
[1678249327180577937] | 102,196,96 | 0 | SEND
[1678249327513845308] | 103,196,96 | 0 | INTERNAL
[1678249327847295593] | 104,196,96 | 0 | INTERNAL
[1678249328180612272] | 105,196,96 | 0 | INTERNAL
[1678249328513927065] | 106,196,104 | 0 | RECEIVE
[1678249328847324201] | 107,196,104 | 0 | SEND
[1678249329180651495] | 108,196,106 | 0 | RECEIVE
[1678249329513980955] | 109,196,106 | 0 | INTERNAL
[1678249329847272770] | 110,217,106 | 0 | RECEIVE
[1678249330180604394] | 111,220,106 | 0 | RECEIVE
[1678249330513973873] | 112,220,106 | 0 | INTERNAL
[1678249330847254722] | 113,220,106 | 0 | DOUBLE SEND
[1678249331180548213] | 114,220,106 | 0 | INTERNAL
[1678249331513879209] | 115,228,106 | 0 | RECEIVE
[1678249331847222846] | 116,229,106 | 0 | RECEIVE
[1678249332180673201] | 117,229,106 | 0 | SEND
[1678249332513957333] | 118,233,106 | 0 | RECEIVE
[1678249332847284348] | 119,236,106 | 0 | RECEIVE
[1678249333180589362] | 120,237,106 | 1 | RECEIVE
[1678249333513941170] | 121,238,106 | 1 | RECEIVE
[1678249333847226210] | 122,239,106 | 0 | RECEIVE
[1678249334180528640] | 123,239,121 | 1 | RECEIVE
[1678249334513934576] | 124,244,121 | 0 | RECEIVE
[1678249334847250625] | 125,247,121 | 0 | RECEIVE
[1678249335180580363] | 126,250,121 | 0 | RECEIVE
[1678249335513844101] | 127,250,125 | 0 | RECEIVE
[1678249335847129839] | 128,250,126 | 0 | RECEIVE
[1678249336180399653] | 129,250,126 | 0 | INTERNAL
[1678249336513712490] | 130,250,126 | 0 | SEND
[1678249336847020717] | 131,250,126 | 0 | INTERNAL
[1678249337180350105] | 132,250,126 | 0 | INTERNAL
[1678249337513903336] | 133,264,129 | 0 | RECEIVE
[1678249337847269113] | 134,265,129 | 0 | RECEIVE
[1678249338180591936] | 135,265,133 | 1 | RECEIVE
[1678249338513887801] | 136,267,133 | 0 | RECEIVE
[1678249338847250713] | 137,271,133 | 0 | RECEIVE
[1678249339180606781] | 138,273,133 | 0 | RECEIVE
[1678249339513894195] | 139,273,133 | 0 | SEND
[1678249339847056523] | 140,273,133 | 0 | SEND
[1678249340180342190] | 141,273,133 | 0 | INTERNAL
[1678249340513650975] | 142,273,133 | 0 | INTERNAL
[1678249340846924560] | 143,284,137 | 0 | RECEIVE
[1678249341180517950] | 144,284,137 | 0 | DOUBLE SEND
[1678249341513774773] | 145,284,137 | 0 | SEND
[1678249341847256556] | 146,284,137 | 0 | INTERNAL
[1678249342180526509] | 147,285,145 | 0 | RECEIVE
[1678249342514066749] | 148,285,145 | 0 | INTERNAL
[1678249342847333419] | 149,296,145 | 0 | RECEIVE
[1678249343180625791] | 150,296,145 | 0 | INTERNAL
[1678249343513895395] | 151,299,145 | 0 | RECEIVE
[1678249343847706969] | 152,302,145 | 0 | RECEIVE
[1678249344180974338] | 153,302,145 | 0 | INTERNAL
[1678249344514246037] | 154,302,145 | 0 | INTERNAL
[1678249344847421284] | 155,302,153 | 0 | RECEIVE
[1678249345180707720] | 156,302,153 | 0 | DOUBLE SEND
[1678249345513927945] | 157,302,155 | 0 | RECEIVE
[1678249345847186095] | 158,313,155 | 0 | RECEIVE
[1678249346180596289] | 159,313,155 | 0 | INTERNAL
[1678249346513866800] | 160,317,155 | 0 | RECEIVE
[1678249346847254855] | 161,317,155 | 0 | INTERNAL
[1678249347180555887] | 162,317,160 | 0 | RECEIVE
[1678249347513825490] | 163,323,160 | 0 | RECEIVE
[1678249347847293025] | 164,323,160 | 0 | INTERNAL
[1678249348180598806] | 165,327,160 | 0 | RECEIVE
[1678249348514563333] | 166,327,160 | 0 | INTERNAL
[1678249348847972969] | 167,327,160 | 0 | INTERNAL
[1678249349181287480] | 168,327,160 | 0 | SEND
[1678249349514545908] | 169,327,160 | 0 | INTERNAL
[1678249349847830807] | 170,338,160 | 0 | RECEIVE
[1678249350181089444] | 171,338,160 | 0 | INTERNAL
[1678249350514355625] | 172,341,160 | 0 | RECEIVE
[1678249350847633400] | 173,341,160 | 0 | INTERNAL
[1678249351180916202] | 174,345,160 | 0 | RECEIVE
[1678249351514175818] | 175,345,160 | 0 | INTERNAL
[1678249351847401002] | 176,345,174 | 1 | RECEIVE
[1678249352180679404] | 177,350,174 | 0 | RECEIVE
[1678249352514054049] | 178,350,174 | 0 | INTERNAL
[1678249352847357245] | 179,350,177 | 0 | RECEIVE
[1678249353180596956] | 180,357,177 | 0 | RECEIVE
[1678249353513917543] | 181,359,177 | 0 | RECEIVE
[1678249353847180022] | 182,359,177 | 0 | INTERNAL
[1678249354180583301] | 183,359,177 | 0 | INTERNAL
[1678249354513862472] | 184,366,177 | 0 | RECEIVE
